#-----------------------------------------------------------
# Vivado v2017.2 (64-bit)
# SW Build 1909853 on Thu Jun 15 18:39:09 MDT 2017
# IP Build 1909766 on Thu Jun 15 19:58:00 MDT 2017
# Start of session at: Tue Jan  2 15:40:11 2018
# Process ID: 1284
# Current directory: C:/Users/NTHUCS/Desktop/Good_Game/Good_Game
# Command line: vivado.exe -gui_launcher_event rodinguilauncherevent560 C:\Users\NTHUCS\Desktop\Good_Game\Good_Game\Good_Game.xpr
# Log file: C:/Users/NTHUCS/Desktop/Good_Game/Good_Game/vivado.log
# Journal file: C:/Users/NTHUCS/Desktop/Good_Game/Good_Game\vivado.jou
#-----------------------------------------------------------
start_gui
open_project C:/Users/NTHUCS/Desktop/Good_Game/Good_Game/Good_Game.xpr
INFO: [Project 1-313] Project file moved from 'C:/Users/AquaDragon/Desktop/Computer Science/Digital Logic Design and Lab/Project/Good_Game' since last save.
SScanning sources...FFinished scanning sourcesWWARNING: [filemgmt 56-2] IP Repository Path: Could not find the directory 'C:/Users/NTHUCS/Desktop/KeyboardSampleCode/ip', nor could it be found using path 'C:/Users/AquaDragon/Desktop/Computer Science/Digital Logic Design and Lab/KeyboardSampleCode/ip'.IINFO: [IP_Flow 19-234] Refreshing IP repositories
WARNING: [IP_Flow 19-2248] Failed to load user IP repository 'c:/Users/NTHUCS/Desktop/KeyboardSampleCode/ip'; Can't find the specified path.
If this directory should no longer be in your list of user repositories, go to the IP Settings dialog and remove it.INFO: [IP_Flow 19-2313] Loaded Vivado IP repository 'C:/Xilinx/Vivado/2017.2/data/ip'.
WWARNING: [IP_Flow 19-2162] IP 'KeyboardCtrl_0' is locked:
* IP definition 'KeyboardCtrl (1.0)' for IP 'KeyboardCtrl_0' (customized with software release 2017.2) was not found in the IP Catalog.
Please select 'Report IP Status' from the 'Tools/Report' menu or run Tcl command 'report_ip_status' for more information.Eopen_project: Time (s): cpu = 00:00:12 ; elapsed = 00:00:56 . Memory (MB): peak = 707.809 ; gain = 30.496
update_compile_order -fileset sources_1
add_files -norecurse -scan_for_includes C:/Users/NTHUCS/Desktop/VGASampleCode/demo2/vga.v
import_files -norecurse C:/Users/NTHUCS/Desktop/VGASampleCode/demo2/vga.v
update_compile_order -fileset sources_1
add_files -norecurse -scan_for_includes {C:/Users/NTHUCS/Desktop/VGASampleCode/demo2/mem_addr_gen.v C:/Users/NTHUCS/Desktop/VGASampleCode/demo2/vga.v}
import_files -force -norecurse {C:/Users/NTHUCS/Desktop/VGASampleCode/demo2/mem_addr_gen.v C:/Users/NTHUCS/Desktop/VGASampleCode/demo2/vga.v}
update_compile_order -fileset sources_1
INFO: [Device 21-403] Loading part xc7a35tcpg236-1
WARNING: [IP_Flow 19-4067] Ignoring invalid widget type specified checkbox.Providing a default widget
WARNING: [IP_Flow 19-4067] Ignoring invalid widget type specified checkbox.Providing a default widget
create_ip -name blk_mem_gen -vendor xilinx.com -library ip -version 8.3 -module_name blk_mem_gen_0_origin -dir c:/Users/NTHUCS/Desktop/Good_Game/Good_Game/Good_Game.srcs/sources_1/ip
set_property -dict [list CONFIG.Write_Width_A {12} CONFIG.Write_Depth_A {900} CONFIG.Enable_A {Always_Enabled} CONFIG.Load_Init_File {true} CONFIG.Coe_File {C:/Users/NTHUCS/Desktop/Good_Game/Good_Game/Pictrans/0.coe} CONFIG.Read_Width_A {12} CONFIG.Write_Width_B {12} CONFIG.Read_Width_B {12}] [get_ips blk_mem_gen_0_origin]
INFO: [IP_Flow 19-3484] Absolute path of file 'c:/Users/NTHUCS/Desktop/Good_Game/Good_Game/Pictrans/0.coe' provided. It will be converted relative to IP Instance files '../../../../Pictrans/0.coe'
generate_target {instantiation_template} [get_files c:/Users/NTHUCS/Desktop/Good_Game/Good_Game/Good_Game.srcs/sources_1/ip/blk_mem_gen_0_origin/blk_mem_gen_0_origin.xci]
INFO: [IP_Flow 19-1686] Generating 'Instantiation Template' target for IP 'blk_mem_gen_0_origin'...
update_compile_order -fileset sources_1
set_property generate_synth_checkpoint false [get_files  c:/Users/NTHUCS/Desktop/Good_Game/Good_Game/Good_Game.srcs/sources_1/ip/blk_mem_gen_0_origin/blk_mem_gen_0_origin.xci]
generate_target all [get_files  c:/Users/NTHUCS/Desktop/Good_Game/Good_Game/Good_Game.srcs/sources_1/ip/blk_mem_gen_0_origin/blk_mem_gen_0_origin.xci]
INFO: [IP_Flow 19-1686] Generating 'Instantiation Template' target for IP 'blk_mem_gen_0_origin'...
INFO: [IP_Flow 19-1686] Generating 'Synthesis' target for IP 'blk_mem_gen_0_origin'...
INFO: [IP_Flow 19-1686] Generating 'Simulation' target for IP 'blk_mem_gen_0_origin'...
INFO: [IP_Flow 19-1686] Generating 'Miscellaneous' target for IP 'blk_mem_gen_0_origin'...
INFO: [IP_Flow 19-1686] Generating 'Change Log' target for IP 'blk_mem_gen_0_origin'...
export_ip_user_files -of_objects [get_files c:/Users/NTHUCS/Desktop/Good_Game/Good_Game/Good_Game.srcs/sources_1/ip/blk_mem_gen_0_origin/blk_mem_gen_0_origin.xci] -no_script -sync -force -quiet
export_simulation -of_objects [get_files c:/Users/NTHUCS/Desktop/Good_Game/Good_Game/Good_Game.srcs/sources_1/ip/blk_mem_gen_0_origin/blk_mem_gen_0_origin.xci] -directory C:/Users/NTHUCS/Desktop/Good_Game/Good_Game/Good_Game.ip_user_files/sim_scripts -ip_user_files_dir C:/Users/NTHUCS/Desktop/Good_Game/Good_Game/Good_Game.ip_user_files -ipstatic_source_dir C:/Users/NTHUCS/Desktop/Good_Game/Good_Game/Good_Game.ip_user_files/ipstatic -lib_map_path [list {modelsim=C:/Users/NTHUCS/Desktop/Good_Game/Good_Game/Good_Game.cache/compile_simlib/modelsim} {questa=C:/Users/NTHUCS/Desktop/Good_Game/Good_Game/Good_Game.cache/compile_simlib/questa} {riviera=C:/Users/NTHUCS/Desktop/Good_Game/Good_Game/Good_Game.cache/compile_simlib/riviera} {activehdl=C:/Users/NTHUCS/Desktop/Good_Game/Good_Game/Good_Game.cache/compile_simlib/activehdl}] -use_ip_compiled_libs -force -quiet
WARNING: [IP_Flow 19-4067] Ignoring invalid widget type specified checkbox.Providing a default widget
WARNING: [IP_Flow 19-4067] Ignoring invalid widget type specified checkbox.Providing a default widget
create_ip -name blk_mem_gen -vendor xilinx.com -library ip -version 8.3 -module_name blk_mem_gen_1 -dir c:/Users/NTHUCS/Desktop/Good_Game/Good_Game/Good_Game.srcs/sources_1/ip
set_property -dict [list CONFIG.Write_Width_A {12} CONFIG.Write_Depth_A {900} CONFIG.Enable_A {Always_Enabled} CONFIG.Load_Init_File {true} CONFIG.Coe_File {C:/Users/NTHUCS/Desktop/Good_Game/Good_Game/Pictrans/1.coe} CONFIG.Read_Width_A {12} CONFIG.Write_Width_B {12} CONFIG.Read_Width_B {12}] [get_ips blk_mem_gen_1]
INFO: [IP_Flow 19-3484] Absolute path of file 'c:/Users/NTHUCS/Desktop/Good_Game/Good_Game/Pictrans/1.coe' provided. It will be converted relative to IP Instance files '../../../../Pictrans/1.coe'
generate_target {instantiation_template} [get_files c:/Users/NTHUCS/Desktop/Good_Game/Good_Game/Good_Game.srcs/sources_1/ip/blk_mem_gen_1/blk_mem_gen_1.xci]
INFO: [IP_Flow 19-1686] Generating 'Instantiation Template' target for IP 'blk_mem_gen_1'...
update_compile_order -fileset sources_1
set_property generate_synth_checkpoint false [get_files  c:/Users/NTHUCS/Desktop/Good_Game/Good_Game/Good_Game.srcs/sources_1/ip/blk_mem_gen_1/blk_mem_gen_1.xci]
generate_target all [get_files  c:/Users/NTHUCS/Desktop/Good_Game/Good_Game/Good_Game.srcs/sources_1/ip/blk_mem_gen_1/blk_mem_gen_1.xci]
INFO: [IP_Flow 19-1686] Generating 'Instantiation Template' target for IP 'blk_mem_gen_1'...
INFO: [IP_Flow 19-1686] Generating 'Synthesis' target for IP 'blk_mem_gen_1'...
INFO: [IP_Flow 19-1686] Generating 'Simulation' target for IP 'blk_mem_gen_1'...
INFO: [IP_Flow 19-1686] Generating 'Miscellaneous' target for IP 'blk_mem_gen_1'...
INFO: [IP_Flow 19-1686] Generating 'Change Log' target for IP 'blk_mem_gen_1'...
export_ip_user_files -of_objects [get_files c:/Users/NTHUCS/Desktop/Good_Game/Good_Game/Good_Game.srcs/sources_1/ip/blk_mem_gen_1/blk_mem_gen_1.xci] -no_script -sync -force -quiet
export_simulation -of_objects [get_files c:/Users/NTHUCS/Desktop/Good_Game/Good_Game/Good_Game.srcs/sources_1/ip/blk_mem_gen_1/blk_mem_gen_1.xci] -directory C:/Users/NTHUCS/Desktop/Good_Game/Good_Game/Good_Game.ip_user_files/sim_scripts -ip_user_files_dir C:/Users/NTHUCS/Desktop/Good_Game/Good_Game/Good_Game.ip_user_files -ipstatic_source_dir C:/Users/NTHUCS/Desktop/Good_Game/Good_Game/Good_Game.ip_user_files/ipstatic -lib_map_path [list {modelsim=C:/Users/NTHUCS/Desktop/Good_Game/Good_Game/Good_Game.cache/compile_simlib/modelsim} {questa=C:/Users/NTHUCS/Desktop/Good_Game/Good_Game/Good_Game.cache/compile_simlib/questa} {riviera=C:/Users/NTHUCS/Desktop/Good_Game/Good_Game/Good_Game.cache/compile_simlib/riviera} {activehdl=C:/Users/NTHUCS/Desktop/Good_Game/Good_Game/Good_Game.cache/compile_simlib/activehdl}] -use_ip_compiled_libs -force -quiet
WARNING: [IP_Flow 19-4067] Ignoring invalid widget type specified checkbox.Providing a default widget
WARNING: [IP_Flow 19-4067] Ignoring invalid widget type specified checkbox.Providing a default widget
create_ip -name blk_mem_gen -vendor xilinx.com -library ip -version 8.3 -module_name blk_mem_gen_2 -dir c:/Users/NTHUCS/Desktop/Good_Game/Good_Game/Good_Game.srcs/sources_1/ip
set_property -dict [list CONFIG.Write_Width_A {12} CONFIG.Write_Depth_A {900} CONFIG.Enable_A {Always_Enabled} CONFIG.Load_Init_File {true} CONFIG.Coe_File {C:/Users/NTHUCS/Desktop/Good_Game/Good_Game/Pictrans/2.coe} CONFIG.Read_Width_A {12} CONFIG.Write_Width_B {12} CONFIG.Read_Width_B {12}] [get_ips blk_mem_gen_2]
INFO: [IP_Flow 19-3484] Absolute path of file 'c:/Users/NTHUCS/Desktop/Good_Game/Good_Game/Pictrans/2.coe' provided. It will be converted relative to IP Instance files '../../../../Pictrans/2.coe'
generate_target {instantiation_template} [get_files c:/Users/NTHUCS/Desktop/Good_Game/Good_Game/Good_Game.srcs/sources_1/ip/blk_mem_gen_2/blk_mem_gen_2.xci]
INFO: [IP_Flow 19-1686] Generating 'Instantiation Template' target for IP 'blk_mem_gen_2'...
update_compile_order -fileset sources_1
set_property generate_synth_checkpoint false [get_files  c:/Users/NTHUCS/Desktop/Good_Game/Good_Game/Good_Game.srcs/sources_1/ip/blk_mem_gen_2/blk_mem_gen_2.xci]
generate_target all [get_files  c:/Users/NTHUCS/Desktop/Good_Game/Good_Game/Good_Game.srcs/sources_1/ip/blk_mem_gen_2/blk_mem_gen_2.xci]
INFO: [IP_Flow 19-1686] Generating 'Instantiation Template' target for IP 'blk_mem_gen_2'...
INFO: [IP_Flow 19-1686] Generating 'Synthesis' target for IP 'blk_mem_gen_2'...
INFO: [IP_Flow 19-1686] Generating 'Simulation' target for IP 'blk_mem_gen_2'...
INFO: [IP_Flow 19-1686] Generating 'Miscellaneous' target for IP 'blk_mem_gen_2'...
INFO: [IP_Flow 19-1686] Generating 'Change Log' target for IP 'blk_mem_gen_2'...
export_ip_user_files -of_objects [get_files c:/Users/NTHUCS/Desktop/Good_Game/Good_Game/Good_Game.srcs/sources_1/ip/blk_mem_gen_2/blk_mem_gen_2.xci] -no_script -sync -force -quiet
export_simulation -of_objects [get_files c:/Users/NTHUCS/Desktop/Good_Game/Good_Game/Good_Game.srcs/sources_1/ip/blk_mem_gen_2/blk_mem_gen_2.xci] -directory C:/Users/NTHUCS/Desktop/Good_Game/Good_Game/Good_Game.ip_user_files/sim_scripts -ip_user_files_dir C:/Users/NTHUCS/Desktop/Good_Game/Good_Game/Good_Game.ip_user_files -ipstatic_source_dir C:/Users/NTHUCS/Desktop/Good_Game/Good_Game/Good_Game.ip_user_files/ipstatic -lib_map_path [list {modelsim=C:/Users/NTHUCS/Desktop/Good_Game/Good_Game/Good_Game.cache/compile_simlib/modelsim} {questa=C:/Users/NTHUCS/Desktop/Good_Game/Good_Game/Good_Game.cache/compile_simlib/questa} {riviera=C:/Users/NTHUCS/Desktop/Good_Game/Good_Game/Good_Game.cache/compile_simlib/riviera} {activehdl=C:/Users/NTHUCS/Desktop/Good_Game/Good_Game/Good_Game.cache/compile_simlib/activehdl}] -use_ip_compiled_libs -force -quiet
WARNING: [IP_Flow 19-4067] Ignoring invalid widget type specified checkbox.Providing a default widget
WARNING: [IP_Flow 19-4067] Ignoring invalid widget type specified checkbox.Providing a default widget
create_ip -name blk_mem_gen -vendor xilinx.com -library ip -version 8.3 -module_name blk_mem_gen_3 -dir c:/Users/NTHUCS/Desktop/Good_Game/Good_Game/Good_Game.srcs/sources_1/ip
set_property -dict [list CONFIG.Write_Width_A {12} CONFIG.Write_Depth_A {900} CONFIG.Enable_A {Always_Enabled} CONFIG.Load_Init_File {true} CONFIG.Coe_File {C:/Users/NTHUCS/Desktop/Good_Game/Good_Game/Pictrans/3.coe} CONFIG.Read_Width_A {12} CONFIG.Write_Width_B {12} CONFIG.Read_Width_B {12}] [get_ips blk_mem_gen_3]
INFO: [IP_Flow 19-3484] Absolute path of file 'c:/Users/NTHUCS/Desktop/Good_Game/Good_Game/Pictrans/3.coe' provided. It will be converted relative to IP Instance files '../../../../Pictrans/3.coe'
generate_target {instantiation_template} [get_files c:/Users/NTHUCS/Desktop/Good_Game/Good_Game/Good_Game.srcs/sources_1/ip/blk_mem_gen_3/blk_mem_gen_3.xci]
INFO: [IP_Flow 19-1686] Generating 'Instantiation Template' target for IP 'blk_mem_gen_3'...
set_property generate_synth_checkpoint false [get_files  c:/Users/NTHUCS/Desktop/Good_Game/Good_Game/Good_Game.srcs/sources_1/ip/blk_mem_gen_3/blk_mem_gen_3.xci]
generate_target all [get_files  c:/Users/NTHUCS/Desktop/Good_Game/Good_Game/Good_Game.srcs/sources_1/ip/blk_mem_gen_3/blk_mem_gen_3.xci]
INFO: [IP_Flow 19-1686] Generating 'Instantiation Template' target for IP 'blk_mem_gen_3'...
INFO: [IP_Flow 19-1686] Generating 'Synthesis' target for IP 'blk_mem_gen_3'...
INFO: [IP_Flow 19-1686] Generating 'Simulation' target for IP 'blk_mem_gen_3'...
INFO: [IP_Flow 19-1686] Generating 'Miscellaneous' target for IP 'blk_mem_gen_3'...
INFO: [IP_Flow 19-1686] Generating 'Change Log' target for IP 'blk_mem_gen_3'...
export_ip_user_files -of_objects [get_files c:/Users/NTHUCS/Desktop/Good_Game/Good_Game/Good_Game.srcs/sources_1/ip/blk_mem_gen_3/blk_mem_gen_3.xci] -no_script -sync -force -quiet
export_simulation -of_objects [get_files c:/Users/NTHUCS/Desktop/Good_Game/Good_Game/Good_Game.srcs/sources_1/ip/blk_mem_gen_3/blk_mem_gen_3.xci] -directory C:/Users/NTHUCS/Desktop/Good_Game/Good_Game/Good_Game.ip_user_files/sim_scripts -ip_user_files_dir C:/Users/NTHUCS/Desktop/Good_Game/Good_Game/Good_Game.ip_user_files -ipstatic_source_dir C:/Users/NTHUCS/Desktop/Good_Game/Good_Game/Good_Game.ip_user_files/ipstatic -lib_map_path [list {modelsim=C:/Users/NTHUCS/Desktop/Good_Game/Good_Game/Good_Game.cache/compile_simlib/modelsim} {questa=C:/Users/NTHUCS/Desktop/Good_Game/Good_Game/Good_Game.cache/compile_simlib/questa} {riviera=C:/Users/NTHUCS/Desktop/Good_Game/Good_Game/Good_Game.cache/compile_simlib/riviera} {activehdl=C:/Users/NTHUCS/Desktop/Good_Game/Good_Game/Good_Game.cache/compile_simlib/activehdl}] -use_ip_compiled_libs -force -quiet
update_compile_order -fileset sources_1
WARNING: [IP_Flow 19-4067] Ignoring invalid widget type specified checkbox.Providing a default widget
WARNING: [IP_Flow 19-4067] Ignoring invalid widget type specified checkbox.Providing a default widget
create_ip -name blk_mem_gen -vendor xilinx.com -library ip -version 8.3 -module_name blk_mem_gen_4 -dir c:/Users/NTHUCS/Desktop/Good_Game/Good_Game/Good_Game.srcs/sources_1/ip
set_property -dict [list CONFIG.Write_Width_A {12} CONFIG.Write_Depth_A {900} CONFIG.Enable_A {Always_Enabled} CONFIG.Load_Init_File {true} CONFIG.Coe_File {C:/Users/NTHUCS/Desktop/Good_Game/Good_Game/Pictrans/4.coe} CONFIG.Read_Width_A {12} CONFIG.Write_Width_B {12} CONFIG.Read_Width_B {12}] [get_ips blk_mem_gen_4]
INFO: [IP_Flow 19-3484] Absolute path of file 'c:/Users/NTHUCS/Desktop/Good_Game/Good_Game/Pictrans/4.coe' provided. It will be converted relative to IP Instance files '../../../../Pictrans/4.coe'
generate_target {instantiation_template} [get_files c:/Users/NTHUCS/Desktop/Good_Game/Good_Game/Good_Game.srcs/sources_1/ip/blk_mem_gen_4/blk_mem_gen_4.xci]
INFO: [IP_Flow 19-1686] Generating 'Instantiation Template' target for IP 'blk_mem_gen_4'...
set_property generate_synth_checkpoint false [get_files  c:/Users/NTHUCS/Desktop/Good_Game/Good_Game/Good_Game.srcs/sources_1/ip/blk_mem_gen_4/blk_mem_gen_4.xci]
generate_target all [get_files  c:/Users/NTHUCS/Desktop/Good_Game/Good_Game/Good_Game.srcs/sources_1/ip/blk_mem_gen_4/blk_mem_gen_4.xci]
INFO: [IP_Flow 19-1686] Generating 'Instantiation Template' target for IP 'blk_mem_gen_4'...
INFO: [IP_Flow 19-1686] Generating 'Synthesis' target for IP 'blk_mem_gen_4'...
INFO: [IP_Flow 19-1686] Generating 'Simulation' target for IP 'blk_mem_gen_4'...
INFO: [IP_Flow 19-1686] Generating 'Miscellaneous' target for IP 'blk_mem_gen_4'...
INFO: [IP_Flow 19-1686] Generating 'Change Log' target for IP 'blk_mem_gen_4'...
export_ip_user_files -of_objects [get_files c:/Users/NTHUCS/Desktop/Good_Game/Good_Game/Good_Game.srcs/sources_1/ip/blk_mem_gen_4/blk_mem_gen_4.xci] -no_script -sync -force -quiet
export_simulation -of_objects [get_files c:/Users/NTHUCS/Desktop/Good_Game/Good_Game/Good_Game.srcs/sources_1/ip/blk_mem_gen_4/blk_mem_gen_4.xci] -directory C:/Users/NTHUCS/Desktop/Good_Game/Good_Game/Good_Game.ip_user_files/sim_scripts -ip_user_files_dir C:/Users/NTHUCS/Desktop/Good_Game/Good_Game/Good_Game.ip_user_files -ipstatic_source_dir C:/Users/NTHUCS/Desktop/Good_Game/Good_Game/Good_Game.ip_user_files/ipstatic -lib_map_path [list {modelsim=C:/Users/NTHUCS/Desktop/Good_Game/Good_Game/Good_Game.cache/compile_simlib/modelsim} {questa=C:/Users/NTHUCS/Desktop/Good_Game/Good_Game/Good_Game.cache/compile_simlib/questa} {riviera=C:/Users/NTHUCS/Desktop/Good_Game/Good_Game/Good_Game.cache/compile_simlib/riviera} {activehdl=C:/Users/NTHUCS/Desktop/Good_Game/Good_Game/Good_Game.cache/compile_simlib/activehdl}] -use_ip_compiled_libs -force -quiet
update_compile_order -fileset sources_1
WARNING: [IP_Flow 19-4067] Ignoring invalid widget type specified checkbox.Providing a default widget
WARNING: [IP_Flow 19-4067] Ignoring invalid widget type specified checkbox.Providing a default widget
create_ip -name blk_mem_gen -vendor xilinx.com -library ip -version 8.3 -module_name blk_mem_gen_5 -dir c:/Users/NTHUCS/Desktop/Good_Game/Good_Game/Good_Game.srcs/sources_1/ip
set_property -dict [list CONFIG.Write_Width_A {12} CONFIG.Write_Depth_A {900} CONFIG.Enable_A {Always_Enabled} CONFIG.Load_Init_File {true} CONFIG.Coe_File {C:/Users/NTHUCS/Desktop/Good_Game/Good_Game/Pictrans/5.coe} CONFIG.Read_Width_A {12} CONFIG.Write_Width_B {12} CONFIG.Read_Width_B {12}] [get_ips blk_mem_gen_5]
INFO: [IP_Flow 19-3484] Absolute path of file 'c:/Users/NTHUCS/Desktop/Good_Game/Good_Game/Pictrans/5.coe' provided. It will be converted relative to IP Instance files '../../../../Pictrans/5.coe'
generate_target {instantiation_template} [get_files c:/Users/NTHUCS/Desktop/Good_Game/Good_Game/Good_Game.srcs/sources_1/ip/blk_mem_gen_5/blk_mem_gen_5.xci]
INFO: [IP_Flow 19-1686] Generating 'Instantiation Template' target for IP 'blk_mem_gen_5'...
update_compile_order -fileset sources_1
set_property generate_synth_checkpoint false [get_files  c:/Users/NTHUCS/Desktop/Good_Game/Good_Game/Good_Game.srcs/sources_1/ip/blk_mem_gen_5/blk_mem_gen_5.xci]
generate_target all [get_files  c:/Users/NTHUCS/Desktop/Good_Game/Good_Game/Good_Game.srcs/sources_1/ip/blk_mem_gen_5/blk_mem_gen_5.xci]
INFO: [IP_Flow 19-1686] Generating 'Instantiation Template' target for IP 'blk_mem_gen_5'...
INFO: [IP_Flow 19-1686] Generating 'Synthesis' target for IP 'blk_mem_gen_5'...
INFO: [IP_Flow 19-1686] Generating 'Simulation' target for IP 'blk_mem_gen_5'...
INFO: [IP_Flow 19-1686] Generating 'Miscellaneous' target for IP 'blk_mem_gen_5'...
INFO: [IP_Flow 19-1686] Generating 'Change Log' target for IP 'blk_mem_gen_5'...
export_ip_user_files -of_objects [get_files c:/Users/NTHUCS/Desktop/Good_Game/Good_Game/Good_Game.srcs/sources_1/ip/blk_mem_gen_5/blk_mem_gen_5.xci] -no_script -sync -force -quiet
export_simulation -of_objects [get_files c:/Users/NTHUCS/Desktop/Good_Game/Good_Game/Good_Game.srcs/sources_1/ip/blk_mem_gen_5/blk_mem_gen_5.xci] -directory C:/Users/NTHUCS/Desktop/Good_Game/Good_Game/Good_Game.ip_user_files/sim_scripts -ip_user_files_dir C:/Users/NTHUCS/Desktop/Good_Game/Good_Game/Good_Game.ip_user_files -ipstatic_source_dir C:/Users/NTHUCS/Desktop/Good_Game/Good_Game/Good_Game.ip_user_files/ipstatic -lib_map_path [list {modelsim=C:/Users/NTHUCS/Desktop/Good_Game/Good_Game/Good_Game.cache/compile_simlib/modelsim} {questa=C:/Users/NTHUCS/Desktop/Good_Game/Good_Game/Good_Game.cache/compile_simlib/questa} {riviera=C:/Users/NTHUCS/Desktop/Good_Game/Good_Game/Good_Game.cache/compile_simlib/riviera} {activehdl=C:/Users/NTHUCS/Desktop/Good_Game/Good_Game/Good_Game.cache/compile_simlib/activehdl}] -use_ip_compiled_libs -force -quiet
WARNING: [IP_Flow 19-4067] Ignoring invalid widget type specified checkbox.Providing a default widget
WARNING: [IP_Flow 19-4067] Ignoring invalid widget type specified checkbox.Providing a default widget
create_ip -name blk_mem_gen -vendor xilinx.com -library ip -version 8.3 -module_name blk_mem_gen_6 -dir c:/Users/NTHUCS/Desktop/Good_Game/Good_Game/Good_Game.srcs/sources_1/ip
set_property -dict [list CONFIG.Write_Width_A {12} CONFIG.Write_Depth_A {900} CONFIG.Enable_A {Always_Enabled} CONFIG.Load_Init_File {true} CONFIG.Coe_File {C:/Users/NTHUCS/Desktop/Good_Game/Good_Game/Pictrans/6.coe} CONFIG.Read_Width_A {12} CONFIG.Write_Width_B {12} CONFIG.Read_Width_B {12}] [get_ips blk_mem_gen_6]
INFO: [IP_Flow 19-3484] Absolute path of file 'c:/Users/NTHUCS/Desktop/Good_Game/Good_Game/Pictrans/6.coe' provided. It will be converted relative to IP Instance files '../../../../Pictrans/6.coe'
generate_target {instantiation_template} [get_files c:/Users/NTHUCS/Desktop/Good_Game/Good_Game/Good_Game.srcs/sources_1/ip/blk_mem_gen_6/blk_mem_gen_6.xci]
INFO: [IP_Flow 19-1686] Generating 'Instantiation Template' target for IP 'blk_mem_gen_6'...
set_property generate_synth_checkpoint false [get_files  c:/Users/NTHUCS/Desktop/Good_Game/Good_Game/Good_Game.srcs/sources_1/ip/blk_mem_gen_6/blk_mem_gen_6.xci]
generate_target all [get_files  c:/Users/NTHUCS/Desktop/Good_Game/Good_Game/Good_Game.srcs/sources_1/ip/blk_mem_gen_6/blk_mem_gen_6.xci]
INFO: [IP_Flow 19-1686] Generating 'Instantiation Template' target for IP 'blk_mem_gen_6'...
INFO: [IP_Flow 19-1686] Generating 'Synthesis' target for IP 'blk_mem_gen_6'...
INFO: [IP_Flow 19-1686] Generating 'Simulation' target for IP 'blk_mem_gen_6'...
INFO: [IP_Flow 19-1686] Generating 'Miscellaneous' target for IP 'blk_mem_gen_6'...
INFO: [IP_Flow 19-1686] Generating 'Change Log' target for IP 'blk_mem_gen_6'...
export_ip_user_files -of_objects [get_files c:/Users/NTHUCS/Desktop/Good_Game/Good_Game/Good_Game.srcs/sources_1/ip/blk_mem_gen_6/blk_mem_gen_6.xci] -no_script -sync -force -quiet
export_simulation -of_objects [get_files c:/Users/NTHUCS/Desktop/Good_Game/Good_Game/Good_Game.srcs/sources_1/ip/blk_mem_gen_6/blk_mem_gen_6.xci] -directory C:/Users/NTHUCS/Desktop/Good_Game/Good_Game/Good_Game.ip_user_files/sim_scripts -ip_user_files_dir C:/Users/NTHUCS/Desktop/Good_Game/Good_Game/Good_Game.ip_user_files -ipstatic_source_dir C:/Users/NTHUCS/Desktop/Good_Game/Good_Game/Good_Game.ip_user_files/ipstatic -lib_map_path [list {modelsim=C:/Users/NTHUCS/Desktop/Good_Game/Good_Game/Good_Game.cache/compile_simlib/modelsim} {questa=C:/Users/NTHUCS/Desktop/Good_Game/Good_Game/Good_Game.cache/compile_simlib/questa} {riviera=C:/Users/NTHUCS/Desktop/Good_Game/Good_Game/Good_Game.cache/compile_simlib/riviera} {activehdl=C:/Users/NTHUCS/Desktop/Good_Game/Good_Game/Good_Game.cache/compile_simlib/activehdl}] -use_ip_compiled_libs -force -quiet
update_compile_order -fileset sources_1
WARNING: [IP_Flow 19-4067] Ignoring invalid widget type specified checkbox.Providing a default widget
WARNING: [IP_Flow 19-4067] Ignoring invalid widget type specified checkbox.Providing a default widget
create_ip -name blk_mem_gen -vendor xilinx.com -library ip -version 8.3 -module_name blk_mem_gen_0 -dir c:/Users/NTHUCS/Desktop/Good_Game/Good_Game/Good_Game.srcs/sources_1/ip
set_property -dict [list CONFIG.Write_Width_A {12} CONFIG.Write_Depth_A {900} CONFIG.Enable_A {Always_Enabled} CONFIG.Load_Init_File {true} CONFIG.Coe_File {C:/Users/NTHUCS/Desktop/Good_Game/Good_Game/Pictrans/7.coe} CONFIG.Read_Width_A {12} CONFIG.Write_Width_B {12} CONFIG.Read_Width_B {12}] [get_ips blk_mem_gen_0]
INFO: [IP_Flow 19-3484] Absolute path of file 'c:/Users/NTHUCS/Desktop/Good_Game/Good_Game/Pictrans/7.coe' provided. It will be converted relative to IP Instance files '../../../../Pictrans/7.coe'
generate_target {instantiation_template} [get_files c:/Users/NTHUCS/Desktop/Good_Game/Good_Game/Good_Game.srcs/sources_1/ip/blk_mem_gen_0/blk_mem_gen_0.xci]
INFO: [IP_Flow 19-1686] Generating 'Instantiation Template' target for IP 'blk_mem_gen_0'...
set_property generate_synth_checkpoint false [get_files  c:/Users/NTHUCS/Desktop/Good_Game/Good_Game/Good_Game.srcs/sources_1/ip/blk_mem_gen_0/blk_mem_gen_0.xci]
generate_target all [get_files  c:/Users/NTHUCS/Desktop/Good_Game/Good_Game/Good_Game.srcs/sources_1/ip/blk_mem_gen_0/blk_mem_gen_0.xci]
INFO: [IP_Flow 19-1686] Generating 'Instantiation Template' target for IP 'blk_mem_gen_0'...
INFO: [IP_Flow 19-1686] Generating 'Synthesis' target for IP 'blk_mem_gen_0'...
INFO: [IP_Flow 19-1686] Generating 'Simulation' target for IP 'blk_mem_gen_0'...
INFO: [IP_Flow 19-1686] Generating 'Miscellaneous' target for IP 'blk_mem_gen_0'...
INFO: [IP_Flow 19-1686] Generating 'Change Log' target for IP 'blk_mem_gen_0'...
export_ip_user_files -of_objects [get_files c:/Users/NTHUCS/Desktop/Good_Game/Good_Game/Good_Game.srcs/sources_1/ip/blk_mem_gen_0/blk_mem_gen_0.xci] -no_script -sync -force -quiet
export_simulation -of_objects [get_files c:/Users/NTHUCS/Desktop/Good_Game/Good_Game/Good_Game.srcs/sources_1/ip/blk_mem_gen_0/blk_mem_gen_0.xci] -directory C:/Users/NTHUCS/Desktop/Good_Game/Good_Game/Good_Game.ip_user_files/sim_scripts -ip_user_files_dir C:/Users/NTHUCS/Desktop/Good_Game/Good_Game/Good_Game.ip_user_files -ipstatic_source_dir C:/Users/NTHUCS/Desktop/Good_Game/Good_Game/Good_Game.ip_user_files/ipstatic -lib_map_path [list {modelsim=C:/Users/NTHUCS/Desktop/Good_Game/Good_Game/Good_Game.cache/compile_simlib/modelsim} {questa=C:/Users/NTHUCS/Desktop/Good_Game/Good_Game/Good_Game.cache/compile_simlib/questa} {riviera=C:/Users/NTHUCS/Desktop/Good_Game/Good_Game/Good_Game.cache/compile_simlib/riviera} {activehdl=C:/Users/NTHUCS/Desktop/Good_Game/Good_Game/Good_Game.cache/compile_simlib/activehdl}] -use_ip_compiled_libs -force -quiet
update_compile_order -fileset sources_1
WARNING: [IP_Flow 19-4067] Ignoring invalid widget type specified checkbox.Providing a default widget
WARNING: [IP_Flow 19-4067] Ignoring invalid widget type specified checkbox.Providing a default widget
create_ip -name blk_mem_gen -vendor xilinx.com -library ip -version 8.3 -module_name blk_mem_gen_7 -dir c:/Users/NTHUCS/Desktop/Good_Game/Good_Game/Good_Game.srcs/sources_1/ip
set_property -dict [list CONFIG.Write_Width_A {12} CONFIG.Write_Depth_A {900} CONFIG.Enable_A {Always_Enabled} CONFIG.Load_Init_File {true} CONFIG.Coe_File {C:/Users/NTHUCS/Desktop/Good_Game/Good_Game/Pictrans/7.coe} CONFIG.Read_Width_A {12} CONFIG.Write_Width_B {12} CONFIG.Read_Width_B {12}] [get_ips blk_mem_gen_7]
INFO: [IP_Flow 19-3484] Absolute path of file 'c:/Users/NTHUCS/Desktop/Good_Game/Good_Game/Pictrans/7.coe' provided. It will be converted relative to IP Instance files '../../../../Pictrans/7.coe'
generate_target {instantiation_template} [get_files c:/Users/NTHUCS/Desktop/Good_Game/Good_Game/Good_Game.srcs/sources_1/ip/blk_mem_gen_7/blk_mem_gen_7.xci]
INFO: [IP_Flow 19-1686] Generating 'Instantiation Template' target for IP 'blk_mem_gen_7'...
set_property generate_synth_checkpoint false [get_files  c:/Users/NTHUCS/Desktop/Good_Game/Good_Game/Good_Game.srcs/sources_1/ip/blk_mem_gen_7/blk_mem_gen_7.xci]
generate_target all [get_files  c:/Users/NTHUCS/Desktop/Good_Game/Good_Game/Good_Game.srcs/sources_1/ip/blk_mem_gen_7/blk_mem_gen_7.xci]
INFO: [IP_Flow 19-1686] Generating 'Instantiation Template' target for IP 'blk_mem_gen_7'...
INFO: [IP_Flow 19-1686] Generating 'Synthesis' target for IP 'blk_mem_gen_7'...
INFO: [IP_Flow 19-1686] Generating 'Simulation' target for IP 'blk_mem_gen_7'...
INFO: [IP_Flow 19-1686] Generating 'Miscellaneous' target for IP 'blk_mem_gen_7'...
INFO: [IP_Flow 19-1686] Generating 'Change Log' target for IP 'blk_mem_gen_7'...
export_ip_user_files -of_objects [get_files c:/Users/NTHUCS/Desktop/Good_Game/Good_Game/Good_Game.srcs/sources_1/ip/blk_mem_gen_7/blk_mem_gen_7.xci] -no_script -sync -force -quiet
export_simulation -of_objects [get_files c:/Users/NTHUCS/Desktop/Good_Game/Good_Game/Good_Game.srcs/sources_1/ip/blk_mem_gen_7/blk_mem_gen_7.xci] -directory C:/Users/NTHUCS/Desktop/Good_Game/Good_Game/Good_Game.ip_user_files/sim_scripts -ip_user_files_dir C:/Users/NTHUCS/Desktop/Good_Game/Good_Game/Good_Game.ip_user_files -ipstatic_source_dir C:/Users/NTHUCS/Desktop/Good_Game/Good_Game/Good_Game.ip_user_files/ipstatic -lib_map_path [list {modelsim=C:/Users/NTHUCS/Desktop/Good_Game/Good_Game/Good_Game.cache/compile_simlib/modelsim} {questa=C:/Users/NTHUCS/Desktop/Good_Game/Good_Game/Good_Game.cache/compile_simlib/questa} {riviera=C:/Users/NTHUCS/Desktop/Good_Game/Good_Game/Good_Game.cache/compile_simlib/riviera} {activehdl=C:/Users/NTHUCS/Desktop/Good_Game/Good_Game/Good_Game.cache/compile_simlib/activehdl}] -use_ip_compiled_libs -force -quiet
update_compile_order -fileset sources_1
WARNING: [IP_Flow 19-4067] Ignoring invalid widget type specified checkbox.Providing a default widget
WARNING: [IP_Flow 19-4067] Ignoring invalid widget type specified checkbox.Providing a default widget
WARNING: [IP_Flow 19-4067] Ignoring invalid widget type specified checkbox.Providing a default widget
WARNING: [IP_Flow 19-4067] Ignoring invalid widget type specified checkbox.Providing a default widget
WARNING: [IP_Flow 19-4067] Ignoring invalid widget type specified checkbox.Providing a default widget
WARNING: [IP_Flow 19-4067] Ignoring invalid widget type specified checkbox.Providing a default widget
WARNING: [IP_Flow 19-4067] Ignoring invalid widget type specified checkbox.Providing a default widget
WARNING: [IP_Flow 19-4067] Ignoring invalid widget type specified checkbox.Providing a default widget
WARNING: [IP_Flow 19-4067] Ignoring invalid widget type specified checkbox.Providing a default widget
WARNING: [IP_Flow 19-4067] Ignoring invalid widget type specified checkbox.Providing a default widget
WARNING: [IP_Flow 19-4067] Ignoring invalid widget type specified checkbox.Providing a default widget
WARNING: [IP_Flow 19-4067] Ignoring invalid widget type specified checkbox.Providing a default widget
WARNING: [IP_Flow 19-4067] Ignoring invalid widget type specified checkbox.Providing a default widget
WARNING: [IP_Flow 19-4067] Ignoring invalid widget type specified checkbox.Providing a default widget
WARNING: [IP_Flow 19-4067] Ignoring invalid widget type specified checkbox.Providing a default widget
WARNING: [IP_Flow 19-4067] Ignoring invalid widget type specified checkbox.Providing a default widget
remove_files  c:/Users/NTHUCS/Desktop/Good_Game/Good_Game/Good_Game.srcs/sources_1/ip/blk_mem_gen_0/blk_mem_gen_0.xci
file delete -force c:/Users/NTHUCS/Desktop/Good_Game/Good_Game/Good_Game.srcs/sources_1/ip/blk_mem_gen_0
file delete -force C:/Users/NTHUCS/Desktop/Good_Game/Good_Game/Good_Game.ip_user_files/ip/blk_mem_gen_0 C:/Users/NTHUCS/Desktop/Good_Game/Good_Game/Good_Game.ip_user_files/sim_scripts/blk_mem_gen_0
WARNING: [IP_Flow 19-4067] Ignoring invalid widget type specified checkbox.Providing a default widget
WARNING: [IP_Flow 19-4067] Ignoring invalid widget type specified checkbox.Providing a default widget
create_ip -name blk_mem_gen -vendor xilinx.com -library ip -version 8.3 -module_name blk_mem_gen_0_blank -dir c:/Users/NTHUCS/Desktop/Good_Game/Good_Game/Good_Game.srcs/sources_1/ip
set_property -dict [list CONFIG.Write_Width_A {12} CONFIG.Write_Depth_A {900} CONFIG.Enable_A {Always_Enabled} CONFIG.Load_Init_File {true} CONFIG.Coe_File {C:/Users/NTHUCS/Desktop/Good_Game/Good_Game/Pictrans/blank.coe} CONFIG.Read_Width_A {12} CONFIG.Write_Width_B {12} CONFIG.Read_Width_B {12}] [get_ips blk_mem_gen_0_blank]
INFO: [IP_Flow 19-3484] Absolute path of file 'c:/Users/NTHUCS/Desktop/Good_Game/Good_Game/Pictrans/blank.coe' provided. It will be converted relative to IP Instance files '../../../../Pictrans/blank.coe'
generate_target {instantiation_template} [get_files c:/Users/NTHUCS/Desktop/Good_Game/Good_Game/Good_Game.srcs/sources_1/ip/blk_mem_gen_0_blank/blk_mem_gen_0_blank.xci]
INFO: [IP_Flow 19-1686] Generating 'Instantiation Template' target for IP 'blk_mem_gen_0_blank'...
update_compile_order -fileset sources_1
set_property generate_synth_checkpoint false [get_files  c:/Users/NTHUCS/Desktop/Good_Game/Good_Game/Good_Game.srcs/sources_1/ip/blk_mem_gen_0_blank/blk_mem_gen_0_blank.xci]
generate_target all [get_files  c:/Users/NTHUCS/Desktop/Good_Game/Good_Game/Good_Game.srcs/sources_1/ip/blk_mem_gen_0_blank/blk_mem_gen_0_blank.xci]
INFO: [IP_Flow 19-1686] Generating 'Instantiation Template' target for IP 'blk_mem_gen_0_blank'...
INFO: [IP_Flow 19-1686] Generating 'Synthesis' target for IP 'blk_mem_gen_0_blank'...
INFO: [IP_Flow 19-1686] Generating 'Simulation' target for IP 'blk_mem_gen_0_blank'...
INFO: [IP_Flow 19-1686] Generating 'Miscellaneous' target for IP 'blk_mem_gen_0_blank'...
INFO: [IP_Flow 19-1686] Generating 'Change Log' target for IP 'blk_mem_gen_0_blank'...
export_ip_user_files -of_objects [get_files c:/Users/NTHUCS/Desktop/Good_Game/Good_Game/Good_Game.srcs/sources_1/ip/blk_mem_gen_0_blank/blk_mem_gen_0_blank.xci] -no_script -sync -force -quiet
export_simulation -of_objects [get_files c:/Users/NTHUCS/Desktop/Good_Game/Good_Game/Good_Game.srcs/sources_1/ip/blk_mem_gen_0_blank/blk_mem_gen_0_blank.xci] -directory C:/Users/NTHUCS/Desktop/Good_Game/Good_Game/Good_Game.ip_user_files/sim_scripts -ip_user_files_dir C:/Users/NTHUCS/Desktop/Good_Game/Good_Game/Good_Game.ip_user_files -ipstatic_source_dir C:/Users/NTHUCS/Desktop/Good_Game/Good_Game/Good_Game.ip_user_files/ipstatic -lib_map_path [list {modelsim=C:/Users/NTHUCS/Desktop/Good_Game/Good_Game/Good_Game.cache/compile_simlib/modelsim} {questa=C:/Users/NTHUCS/Desktop/Good_Game/Good_Game/Good_Game.cache/compile_simlib/questa} {riviera=C:/Users/NTHUCS/Desktop/Good_Game/Good_Game/Good_Game.cache/compile_simlib/riviera} {activehdl=C:/Users/NTHUCS/Desktop/Good_Game/Good_Game/Good_Game.cache/compile_simlib/activehdl}] -use_ip_compiled_libs -force -quiet
WARNING: [IP_Flow 19-4067] Ignoring invalid widget type specified checkbox.Providing a default widget
WARNING: [IP_Flow 19-4067] Ignoring invalid widget type specified checkbox.Providing a default widget
create_ip -name blk_mem_gen -vendor xilinx.com -library ip -version 8.3 -module_name blk_mem_gen_8 -dir c:/Users/NTHUCS/Desktop/Good_Game/Good_Game/Good_Game.srcs/sources_1/ip
set_property -dict [list CONFIG.Write_Width_A {12} CONFIG.Write_Depth_A {900} CONFIG.Enable_A {Always_Enabled} CONFIG.Load_Init_File {true} CONFIG.Coe_File {C:/Users/NTHUCS/Desktop/Good_Game/Good_Game/Pictrans/8.coe} CONFIG.Read_Width_A {12} CONFIG.Write_Width_B {12} CONFIG.Read_Width_B {12}] [get_ips blk_mem_gen_8]
INFO: [IP_Flow 19-3484] Absolute path of file 'c:/Users/NTHUCS/Desktop/Good_Game/Good_Game/Pictrans/8.coe' provided. It will be converted relative to IP Instance files '../../../../Pictrans/8.coe'
generate_target {instantiation_template} [get_files c:/Users/NTHUCS/Desktop/Good_Game/Good_Game/Good_Game.srcs/sources_1/ip/blk_mem_gen_8/blk_mem_gen_8.xci]
INFO: [IP_Flow 19-1686] Generating 'Instantiation Template' target for IP 'blk_mem_gen_8'...
update_compile_order -fileset sources_1
set_property generate_synth_checkpoint false [get_files  c:/Users/NTHUCS/Desktop/Good_Game/Good_Game/Good_Game.srcs/sources_1/ip/blk_mem_gen_8/blk_mem_gen_8.xci]
generate_target all [get_files  c:/Users/NTHUCS/Desktop/Good_Game/Good_Game/Good_Game.srcs/sources_1/ip/blk_mem_gen_8/blk_mem_gen_8.xci]
INFO: [IP_Flow 19-1686] Generating 'Instantiation Template' target for IP 'blk_mem_gen_8'...
INFO: [IP_Flow 19-1686] Generating 'Synthesis' target for IP 'blk_mem_gen_8'...
INFO: [IP_Flow 19-1686] Generating 'Simulation' target for IP 'blk_mem_gen_8'...
INFO: [IP_Flow 19-1686] Generating 'Miscellaneous' target for IP 'blk_mem_gen_8'...
INFO: [IP_Flow 19-1686] Generating 'Change Log' target for IP 'blk_mem_gen_8'...
export_ip_user_files -of_objects [get_files c:/Users/NTHUCS/Desktop/Good_Game/Good_Game/Good_Game.srcs/sources_1/ip/blk_mem_gen_8/blk_mem_gen_8.xci] -no_script -sync -force -quiet
export_simulation -of_objects [get_files c:/Users/NTHUCS/Desktop/Good_Game/Good_Game/Good_Game.srcs/sources_1/ip/blk_mem_gen_8/blk_mem_gen_8.xci] -directory C:/Users/NTHUCS/Desktop/Good_Game/Good_Game/Good_Game.ip_user_files/sim_scripts -ip_user_files_dir C:/Users/NTHUCS/Desktop/Good_Game/Good_Game/Good_Game.ip_user_files -ipstatic_source_dir C:/Users/NTHUCS/Desktop/Good_Game/Good_Game/Good_Game.ip_user_files/ipstatic -lib_map_path [list {modelsim=C:/Users/NTHUCS/Desktop/Good_Game/Good_Game/Good_Game.cache/compile_simlib/modelsim} {questa=C:/Users/NTHUCS/Desktop/Good_Game/Good_Game/Good_Game.cache/compile_simlib/questa} {riviera=C:/Users/NTHUCS/Desktop/Good_Game/Good_Game/Good_Game.cache/compile_simlib/riviera} {activehdl=C:/Users/NTHUCS/Desktop/Good_Game/Good_Game/Good_Game.cache/compile_simlib/activehdl}] -use_ip_compiled_libs -force -quiet
WARNING: [IP_Flow 19-4067] Ignoring invalid widget type specified checkbox.Providing a default widget
WARNING: [IP_Flow 19-4067] Ignoring invalid widget type specified checkbox.Providing a default widget
create_ip -name blk_mem_gen -vendor xilinx.com -library ip -version 8.3 -module_name blk_mem_gen_9 -dir c:/Users/NTHUCS/Desktop/Good_Game/Good_Game/Good_Game.srcs/sources_1/ip
set_property -dict [list CONFIG.Write_Width_A {12} CONFIG.Write_Depth_A {900} CONFIG.Enable_A {Always_Enabled} CONFIG.Load_Init_File {true} CONFIG.Coe_File {C:/Users/NTHUCS/Desktop/Good_Game/Good_Game/Pictrans/9.coe} CONFIG.Read_Width_A {12} CONFIG.Write_Width_B {12} CONFIG.Read_Width_B {12}] [get_ips blk_mem_gen_9]
INFO: [IP_Flow 19-3484] Absolute path of file 'c:/Users/NTHUCS/Desktop/Good_Game/Good_Game/Pictrans/9.coe' provided. It will be converted relative to IP Instance files '../../../../Pictrans/9.coe'
generate_target {instantiation_template} [get_files c:/Users/NTHUCS/Desktop/Good_Game/Good_Game/Good_Game.srcs/sources_1/ip/blk_mem_gen_9/blk_mem_gen_9.xci]
INFO: [IP_Flow 19-1686] Generating 'Instantiation Template' target for IP 'blk_mem_gen_9'...
set_property generate_synth_checkpoint false [get_files  c:/Users/NTHUCS/Desktop/Good_Game/Good_Game/Good_Game.srcs/sources_1/ip/blk_mem_gen_9/blk_mem_gen_9.xci]
generate_target all [get_files  c:/Users/NTHUCS/Desktop/Good_Game/Good_Game/Good_Game.srcs/sources_1/ip/blk_mem_gen_9/blk_mem_gen_9.xci]
INFO: [IP_Flow 19-1686] Generating 'Instantiation Template' target for IP 'blk_mem_gen_9'...
INFO: [IP_Flow 19-1686] Generating 'Synthesis' target for IP 'blk_mem_gen_9'...
INFO: [IP_Flow 19-1686] Generating 'Simulation' target for IP 'blk_mem_gen_9'...
INFO: [IP_Flow 19-1686] Generating 'Miscellaneous' target for IP 'blk_mem_gen_9'...
INFO: [IP_Flow 19-1686] Generating 'Change Log' target for IP 'blk_mem_gen_9'...
export_ip_user_files -of_objects [get_files c:/Users/NTHUCS/Desktop/Good_Game/Good_Game/Good_Game.srcs/sources_1/ip/blk_mem_gen_9/blk_mem_gen_9.xci] -no_script -sync -force -quiet
export_simulation -of_objects [get_files c:/Users/NTHUCS/Desktop/Good_Game/Good_Game/Good_Game.srcs/sources_1/ip/blk_mem_gen_9/blk_mem_gen_9.xci] -directory C:/Users/NTHUCS/Desktop/Good_Game/Good_Game/Good_Game.ip_user_files/sim_scripts -ip_user_files_dir C:/Users/NTHUCS/Desktop/Good_Game/Good_Game/Good_Game.ip_user_files -ipstatic_source_dir C:/Users/NTHUCS/Desktop/Good_Game/Good_Game/Good_Game.ip_user_files/ipstatic -lib_map_path [list {modelsim=C:/Users/NTHUCS/Desktop/Good_Game/Good_Game/Good_Game.cache/compile_simlib/modelsim} {questa=C:/Users/NTHUCS/Desktop/Good_Game/Good_Game/Good_Game.cache/compile_simlib/questa} {riviera=C:/Users/NTHUCS/Desktop/Good_Game/Good_Game/Good_Game.cache/compile_simlib/riviera} {activehdl=C:/Users/NTHUCS/Desktop/Good_Game/Good_Game/Good_Game.cache/compile_simlib/activehdl}] -use_ip_compiled_libs -force -quiet
update_compile_order -fileset sources_1
WARNING: [IP_Flow 19-4067] Ignoring invalid widget type specified checkbox.Providing a default widget
WARNING: [IP_Flow 19-4067] Ignoring invalid widget type specified checkbox.Providing a default widget
create_ip -name blk_mem_gen -vendor xilinx.com -library ip -version 8.3 -module_name blk_mem_gen_10 -dir c:/Users/NTHUCS/Desktop/Good_Game/Good_Game/Good_Game.srcs/sources_1/ip
set_property -dict [list CONFIG.Write_Width_A {12} CONFIG.Write_Depth_A {900} CONFIG.Enable_A {Always_Enabled} CONFIG.Load_Init_File {true} CONFIG.Coe_File {C:/Users/NTHUCS/Desktop/Good_Game/Good_Game/Pictrans/10.coe} CONFIG.Read_Width_A {12} CONFIG.Write_Width_B {12} CONFIG.Read_Width_B {12}] [get_ips blk_mem_gen_10]
INFO: [IP_Flow 19-3484] Absolute path of file 'c:/Users/NTHUCS/Desktop/Good_Game/Good_Game/Pictrans/10.coe' provided. It will be converted relative to IP Instance files '../../../../Pictrans/10.coe'
generate_target {instantiation_template} [get_files c:/Users/NTHUCS/Desktop/Good_Game/Good_Game/Good_Game.srcs/sources_1/ip/blk_mem_gen_10/blk_mem_gen_10.xci]
INFO: [IP_Flow 19-1686] Generating 'Instantiation Template' target for IP 'blk_mem_gen_10'...
set_property generate_synth_checkpoint false [get_files  c:/Users/NTHUCS/Desktop/Good_Game/Good_Game/Good_Game.srcs/sources_1/ip/blk_mem_gen_10/blk_mem_gen_10.xci]
generate_target all [get_files  c:/Users/NTHUCS/Desktop/Good_Game/Good_Game/Good_Game.srcs/sources_1/ip/blk_mem_gen_10/blk_mem_gen_10.xci]
INFO: [IP_Flow 19-1686] Generating 'Instantiation Template' target for IP 'blk_mem_gen_10'...
INFO: [IP_Flow 19-1686] Generating 'Synthesis' target for IP 'blk_mem_gen_10'...
INFO: [IP_Flow 19-1686] Generating 'Simulation' target for IP 'blk_mem_gen_10'...
INFO: [IP_Flow 19-1686] Generating 'Miscellaneous' target for IP 'blk_mem_gen_10'...
INFO: [IP_Flow 19-1686] Generating 'Change Log' target for IP 'blk_mem_gen_10'...
export_ip_user_files -of_objects [get_files c:/Users/NTHUCS/Desktop/Good_Game/Good_Game/Good_Game.srcs/sources_1/ip/blk_mem_gen_10/blk_mem_gen_10.xci] -no_script -sync -force -quiet
export_simulation -of_objects [get_files c:/Users/NTHUCS/Desktop/Good_Game/Good_Game/Good_Game.srcs/sources_1/ip/blk_mem_gen_10/blk_mem_gen_10.xci] -directory C:/Users/NTHUCS/Desktop/Good_Game/Good_Game/Good_Game.ip_user_files/sim_scripts -ip_user_files_dir C:/Users/NTHUCS/Desktop/Good_Game/Good_Game/Good_Game.ip_user_files -ipstatic_source_dir C:/Users/NTHUCS/Desktop/Good_Game/Good_Game/Good_Game.ip_user_files/ipstatic -lib_map_path [list {modelsim=C:/Users/NTHUCS/Desktop/Good_Game/Good_Game/Good_Game.cache/compile_simlib/modelsim} {questa=C:/Users/NTHUCS/Desktop/Good_Game/Good_Game/Good_Game.cache/compile_simlib/questa} {riviera=C:/Users/NTHUCS/Desktop/Good_Game/Good_Game/Good_Game.cache/compile_simlib/riviera} {activehdl=C:/Users/NTHUCS/Desktop/Good_Game/Good_Game/Good_Game.cache/compile_simlib/activehdl}] -use_ip_compiled_libs -force -quiet
update_compile_order -fileset sources_1
WARNING: [IP_Flow 19-4067] Ignoring invalid widget type specified checkbox.Providing a default widget
WARNING: [IP_Flow 19-4067] Ignoring invalid widget type specified checkbox.Providing a default widget
create_ip -name blk_mem_gen -vendor xilinx.com -library ip -version 8.3 -module_name blk_mem_gen_11 -dir c:/Users/NTHUCS/Desktop/Good_Game/Good_Game/Good_Game.srcs/sources_1/ip
set_property -dict [list CONFIG.Write_Width_A {12} CONFIG.Write_Depth_A {900} CONFIG.Enable_A {Always_Enabled} CONFIG.Load_Init_File {true} CONFIG.Coe_File {C:/Users/NTHUCS/Desktop/Good_Game/Good_Game/Pictrans/11.coe} CONFIG.Read_Width_A {12} CONFIG.Write_Width_B {12} CONFIG.Read_Width_B {12}] [get_ips blk_mem_gen_11]
INFO: [IP_Flow 19-3484] Absolute path of file 'c:/Users/NTHUCS/Desktop/Good_Game/Good_Game/Pictrans/11.coe' provided. It will be converted relative to IP Instance files '../../../../Pictrans/11.coe'
generate_target {instantiation_template} [get_files c:/Users/NTHUCS/Desktop/Good_Game/Good_Game/Good_Game.srcs/sources_1/ip/blk_mem_gen_11/blk_mem_gen_11.xci]
INFO: [IP_Flow 19-1686] Generating 'Instantiation Template' target for IP 'blk_mem_gen_11'...
set_property generate_synth_checkpoint false [get_files  c:/Users/NTHUCS/Desktop/Good_Game/Good_Game/Good_Game.srcs/sources_1/ip/blk_mem_gen_11/blk_mem_gen_11.xci]
generate_target all [get_files  c:/Users/NTHUCS/Desktop/Good_Game/Good_Game/Good_Game.srcs/sources_1/ip/blk_mem_gen_11/blk_mem_gen_11.xci]
INFO: [IP_Flow 19-1686] Generating 'Instantiation Template' target for IP 'blk_mem_gen_11'...
INFO: [IP_Flow 19-1686] Generating 'Synthesis' target for IP 'blk_mem_gen_11'...
INFO: [IP_Flow 19-1686] Generating 'Simulation' target for IP 'blk_mem_gen_11'...
INFO: [IP_Flow 19-1686] Generating 'Miscellaneous' target for IP 'blk_mem_gen_11'...
INFO: [IP_Flow 19-1686] Generating 'Change Log' target for IP 'blk_mem_gen_11'...
export_ip_user_files -of_objects [get_files c:/Users/NTHUCS/Desktop/Good_Game/Good_Game/Good_Game.srcs/sources_1/ip/blk_mem_gen_11/blk_mem_gen_11.xci] -no_script -sync -force -quiet
export_simulation -of_objects [get_files c:/Users/NTHUCS/Desktop/Good_Game/Good_Game/Good_Game.srcs/sources_1/ip/blk_mem_gen_11/blk_mem_gen_11.xci] -directory C:/Users/NTHUCS/Desktop/Good_Game/Good_Game/Good_Game.ip_user_files/sim_scripts -ip_user_files_dir C:/Users/NTHUCS/Desktop/Good_Game/Good_Game/Good_Game.ip_user_files -ipstatic_source_dir C:/Users/NTHUCS/Desktop/Good_Game/Good_Game/Good_Game.ip_user_files/ipstatic -lib_map_path [list {modelsim=C:/Users/NTHUCS/Desktop/Good_Game/Good_Game/Good_Game.cache/compile_simlib/modelsim} {questa=C:/Users/NTHUCS/Desktop/Good_Game/Good_Game/Good_Game.cache/compile_simlib/questa} {riviera=C:/Users/NTHUCS/Desktop/Good_Game/Good_Game/Good_Game.cache/compile_simlib/riviera} {activehdl=C:/Users/NTHUCS/Desktop/Good_Game/Good_Game/Good_Game.cache/compile_simlib/activehdl}] -use_ip_compiled_libs -force -quiet
update_compile_order -fileset sources_1
WARNING: [IP_Flow 19-4067] Ignoring invalid widget type specified checkbox.Providing a default widget
WARNING: [IP_Flow 19-4067] Ignoring invalid widget type specified checkbox.Providing a default widget
create_ip -name blk_mem_gen -vendor xilinx.com -library ip -version 8.3 -module_name blk_mem_gen_12 -dir c:/Users/NTHUCS/Desktop/Good_Game/Good_Game/Good_Game.srcs/sources_1/ip
set_property -dict [list CONFIG.Write_Width_A {12} CONFIG.Write_Depth_A {900} CONFIG.Enable_A {Always_Enabled} CONFIG.Load_Init_File {true} CONFIG.Coe_File {C:/Users/NTHUCS/Desktop/Good_Game/Good_Game/Pictrans/12.coe} CONFIG.Read_Width_A {12} CONFIG.Write_Width_B {12} CONFIG.Read_Width_B {12}] [get_ips blk_mem_gen_12]
INFO: [IP_Flow 19-3484] Absolute path of file 'c:/Users/NTHUCS/Desktop/Good_Game/Good_Game/Pictrans/12.coe' provided. It will be converted relative to IP Instance files '../../../../Pictrans/12.coe'
generate_target {instantiation_template} [get_files c:/Users/NTHUCS/Desktop/Good_Game/Good_Game/Good_Game.srcs/sources_1/ip/blk_mem_gen_12/blk_mem_gen_12.xci]
INFO: [IP_Flow 19-1686] Generating 'Instantiation Template' target for IP 'blk_mem_gen_12'...
set_property generate_synth_checkpoint false [get_files  c:/Users/NTHUCS/Desktop/Good_Game/Good_Game/Good_Game.srcs/sources_1/ip/blk_mem_gen_12/blk_mem_gen_12.xci]
generate_target all [get_files  c:/Users/NTHUCS/Desktop/Good_Game/Good_Game/Good_Game.srcs/sources_1/ip/blk_mem_gen_12/blk_mem_gen_12.xci]
INFO: [IP_Flow 19-1686] Generating 'Instantiation Template' target for IP 'blk_mem_gen_12'...
INFO: [IP_Flow 19-1686] Generating 'Synthesis' target for IP 'blk_mem_gen_12'...
INFO: [IP_Flow 19-1686] Generating 'Simulation' target for IP 'blk_mem_gen_12'...
INFO: [IP_Flow 19-1686] Generating 'Miscellaneous' target for IP 'blk_mem_gen_12'...
INFO: [IP_Flow 19-1686] Generating 'Change Log' target for IP 'blk_mem_gen_12'...
export_ip_user_files -of_objects [get_files c:/Users/NTHUCS/Desktop/Good_Game/Good_Game/Good_Game.srcs/sources_1/ip/blk_mem_gen_12/blk_mem_gen_12.xci] -no_script -sync -force -quiet
export_simulation -of_objects [get_files c:/Users/NTHUCS/Desktop/Good_Game/Good_Game/Good_Game.srcs/sources_1/ip/blk_mem_gen_12/blk_mem_gen_12.xci] -directory C:/Users/NTHUCS/Desktop/Good_Game/Good_Game/Good_Game.ip_user_files/sim_scripts -ip_user_files_dir C:/Users/NTHUCS/Desktop/Good_Game/Good_Game/Good_Game.ip_user_files -ipstatic_source_dir C:/Users/NTHUCS/Desktop/Good_Game/Good_Game/Good_Game.ip_user_files/ipstatic -lib_map_path [list {modelsim=C:/Users/NTHUCS/Desktop/Good_Game/Good_Game/Good_Game.cache/compile_simlib/modelsim} {questa=C:/Users/NTHUCS/Desktop/Good_Game/Good_Game/Good_Game.cache/compile_simlib/questa} {riviera=C:/Users/NTHUCS/Desktop/Good_Game/Good_Game/Good_Game.cache/compile_simlib/riviera} {activehdl=C:/Users/NTHUCS/Desktop/Good_Game/Good_Game/Good_Game.cache/compile_simlib/activehdl}] -use_ip_compiled_libs -force -quiet
update_compile_order -fileset sources_1
WARNING: [IP_Flow 19-4067] Ignoring invalid widget type specified checkbox.Providing a default widget
WARNING: [IP_Flow 19-4067] Ignoring invalid widget type specified checkbox.Providing a default widget
create_ip -name blk_mem_gen -vendor xilinx.com -library ip -version 8.3 -module_name blk_mem_gen_13 -dir c:/Users/NTHUCS/Desktop/Good_Game/Good_Game/Good_Game.srcs/sources_1/ip
set_property -dict [list CONFIG.Write_Width_A {12} CONFIG.Write_Depth_A {900} CONFIG.Enable_A {Always_Enabled} CONFIG.Load_Init_File {true} CONFIG.Coe_File {C:/Users/NTHUCS/Desktop/Good_Game/Good_Game/Pictrans/13.coe} CONFIG.Read_Width_A {12} CONFIG.Write_Width_B {12} CONFIG.Read_Width_B {12}] [get_ips blk_mem_gen_13]
INFO: [IP_Flow 19-3484] Absolute path of file 'c:/Users/NTHUCS/Desktop/Good_Game/Good_Game/Pictrans/13.coe' provided. It will be converted relative to IP Instance files '../../../../Pictrans/13.coe'
generate_target {instantiation_template} [get_files c:/Users/NTHUCS/Desktop/Good_Game/Good_Game/Good_Game.srcs/sources_1/ip/blk_mem_gen_13/blk_mem_gen_13.xci]
INFO: [IP_Flow 19-1686] Generating 'Instantiation Template' target for IP 'blk_mem_gen_13'...
set_property generate_synth_checkpoint false [get_files  c:/Users/NTHUCS/Desktop/Good_Game/Good_Game/Good_Game.srcs/sources_1/ip/blk_mem_gen_13/blk_mem_gen_13.xci]
generate_target all [get_files  c:/Users/NTHUCS/Desktop/Good_Game/Good_Game/Good_Game.srcs/sources_1/ip/blk_mem_gen_13/blk_mem_gen_13.xci]
INFO: [IP_Flow 19-1686] Generating 'Instantiation Template' target for IP 'blk_mem_gen_13'...
INFO: [IP_Flow 19-1686] Generating 'Synthesis' target for IP 'blk_mem_gen_13'...
INFO: [IP_Flow 19-1686] Generating 'Simulation' target for IP 'blk_mem_gen_13'...
INFO: [IP_Flow 19-1686] Generating 'Miscellaneous' target for IP 'blk_mem_gen_13'...
INFO: [IP_Flow 19-1686] Generating 'Change Log' target for IP 'blk_mem_gen_13'...
export_ip_user_files -of_objects [get_files c:/Users/NTHUCS/Desktop/Good_Game/Good_Game/Good_Game.srcs/sources_1/ip/blk_mem_gen_13/blk_mem_gen_13.xci] -no_script -sync -force -quiet
export_simulation -of_objects [get_files c:/Users/NTHUCS/Desktop/Good_Game/Good_Game/Good_Game.srcs/sources_1/ip/blk_mem_gen_13/blk_mem_gen_13.xci] -directory C:/Users/NTHUCS/Desktop/Good_Game/Good_Game/Good_Game.ip_user_files/sim_scripts -ip_user_files_dir C:/Users/NTHUCS/Desktop/Good_Game/Good_Game/Good_Game.ip_user_files -ipstatic_source_dir C:/Users/NTHUCS/Desktop/Good_Game/Good_Game/Good_Game.ip_user_files/ipstatic -lib_map_path [list {modelsim=C:/Users/NTHUCS/Desktop/Good_Game/Good_Game/Good_Game.cache/compile_simlib/modelsim} {questa=C:/Users/NTHUCS/Desktop/Good_Game/Good_Game/Good_Game.cache/compile_simlib/questa} {riviera=C:/Users/NTHUCS/Desktop/Good_Game/Good_Game/Good_Game.cache/compile_simlib/riviera} {activehdl=C:/Users/NTHUCS/Desktop/Good_Game/Good_Game/Good_Game.cache/compile_simlib/activehdl}] -use_ip_compiled_libs -force -quiet
update_compile_order -fileset sources_1
WARNING: [IP_Flow 19-4067] Ignoring invalid widget type specified checkbox.Providing a default widget
WARNING: [IP_Flow 19-4067] Ignoring invalid widget type specified checkbox.Providing a default widget
create_ip -name blk_mem_gen -vendor xilinx.com -library ip -version 8.3 -module_name blk_mem_gen_14 -dir c:/Users/NTHUCS/Desktop/Good_Game/Good_Game/Good_Game.srcs/sources_1/ip
set_property -dict [list CONFIG.Write_Width_A {12} CONFIG.Write_Depth_A {900} CONFIG.Enable_A {Always_Enabled} CONFIG.Load_Init_File {true} CONFIG.Coe_File {C:/Users/NTHUCS/Desktop/Good_Game/Good_Game/Pictrans/14.coe} CONFIG.Read_Width_A {12} CONFIG.Write_Width_B {12} CONFIG.Read_Width_B {12}] [get_ips blk_mem_gen_14]
INFO: [IP_Flow 19-3484] Absolute path of file 'c:/Users/NTHUCS/Desktop/Good_Game/Good_Game/Pictrans/14.coe' provided. It will be converted relative to IP Instance files '../../../../Pictrans/14.coe'
generate_target {instantiation_template} [get_files c:/Users/NTHUCS/Desktop/Good_Game/Good_Game/Good_Game.srcs/sources_1/ip/blk_mem_gen_14/blk_mem_gen_14.xci]
INFO: [IP_Flow 19-1686] Generating 'Instantiation Template' target for IP 'blk_mem_gen_14'...
set_property generate_synth_checkpoint false [get_files  c:/Users/NTHUCS/Desktop/Good_Game/Good_Game/Good_Game.srcs/sources_1/ip/blk_mem_gen_14/blk_mem_gen_14.xci]
generate_target all [get_files  c:/Users/NTHUCS/Desktop/Good_Game/Good_Game/Good_Game.srcs/sources_1/ip/blk_mem_gen_14/blk_mem_gen_14.xci]
INFO: [IP_Flow 19-1686] Generating 'Instantiation Template' target for IP 'blk_mem_gen_14'...
INFO: [IP_Flow 19-1686] Generating 'Synthesis' target for IP 'blk_mem_gen_14'...
INFO: [IP_Flow 19-1686] Generating 'Simulation' target for IP 'blk_mem_gen_14'...
INFO: [IP_Flow 19-1686] Generating 'Miscellaneous' target for IP 'blk_mem_gen_14'...
INFO: [IP_Flow 19-1686] Generating 'Change Log' target for IP 'blk_mem_gen_14'...
export_ip_user_files -of_objects [get_files c:/Users/NTHUCS/Desktop/Good_Game/Good_Game/Good_Game.srcs/sources_1/ip/blk_mem_gen_14/blk_mem_gen_14.xci] -no_script -sync -force -quiet
export_simulation -of_objects [get_files c:/Users/NTHUCS/Desktop/Good_Game/Good_Game/Good_Game.srcs/sources_1/ip/blk_mem_gen_14/blk_mem_gen_14.xci] -directory C:/Users/NTHUCS/Desktop/Good_Game/Good_Game/Good_Game.ip_user_files/sim_scripts -ip_user_files_dir C:/Users/NTHUCS/Desktop/Good_Game/Good_Game/Good_Game.ip_user_files -ipstatic_source_dir C:/Users/NTHUCS/Desktop/Good_Game/Good_Game/Good_Game.ip_user_files/ipstatic -lib_map_path [list {modelsim=C:/Users/NTHUCS/Desktop/Good_Game/Good_Game/Good_Game.cache/compile_simlib/modelsim} {questa=C:/Users/NTHUCS/Desktop/Good_Game/Good_Game/Good_Game.cache/compile_simlib/questa} {riviera=C:/Users/NTHUCS/Desktop/Good_Game/Good_Game/Good_Game.cache/compile_simlib/riviera} {activehdl=C:/Users/NTHUCS/Desktop/Good_Game/Good_Game/Good_Game.cache/compile_simlib/activehdl}] -use_ip_compiled_libs -force -quiet
update_compile_order -fileset sources_1
WARNING: [IP_Flow 19-4067] Ignoring invalid widget type specified checkbox.Providing a default widget
WARNING: [IP_Flow 19-4067] Ignoring invalid widget type specified checkbox.Providing a default widget
create_ip -name blk_mem_gen -vendor xilinx.com -library ip -version 8.3 -module_name blk_mem_gen_15 -dir c:/Users/NTHUCS/Desktop/Good_Game/Good_Game/Good_Game.srcs/sources_1/ip
set_property -dict [list CONFIG.Write_Width_A {12} CONFIG.Write_Depth_A {900} CONFIG.Enable_A {Always_Enabled} CONFIG.Load_Init_File {true} CONFIG.Coe_File {C:/Users/NTHUCS/Desktop/Good_Game/Good_Game/Pictrans/15.coe} CONFIG.Read_Width_A {12} CONFIG.Write_Width_B {12} CONFIG.Read_Width_B {12}] [get_ips blk_mem_gen_15]
INFO: [IP_Flow 19-3484] Absolute path of file 'c:/Users/NTHUCS/Desktop/Good_Game/Good_Game/Pictrans/15.coe' provided. It will be converted relative to IP Instance files '../../../../Pictrans/15.coe'
generate_target {instantiation_template} [get_files c:/Users/NTHUCS/Desktop/Good_Game/Good_Game/Good_Game.srcs/sources_1/ip/blk_mem_gen_15/blk_mem_gen_15.xci]
INFO: [IP_Flow 19-1686] Generating 'Instantiation Template' target for IP 'blk_mem_gen_15'...
set_property generate_synth_checkpoint false [get_files  c:/Users/NTHUCS/Desktop/Good_Game/Good_Game/Good_Game.srcs/sources_1/ip/blk_mem_gen_15/blk_mem_gen_15.xci]
generate_target all [get_files  c:/Users/NTHUCS/Desktop/Good_Game/Good_Game/Good_Game.srcs/sources_1/ip/blk_mem_gen_15/blk_mem_gen_15.xci]
INFO: [IP_Flow 19-1686] Generating 'Instantiation Template' target for IP 'blk_mem_gen_15'...
INFO: [IP_Flow 19-1686] Generating 'Synthesis' target for IP 'blk_mem_gen_15'...
INFO: [IP_Flow 19-1686] Generating 'Simulation' target for IP 'blk_mem_gen_15'...
INFO: [IP_Flow 19-1686] Generating 'Miscellaneous' target for IP 'blk_mem_gen_15'...
INFO: [IP_Flow 19-1686] Generating 'Change Log' target for IP 'blk_mem_gen_15'...
export_ip_user_files -of_objects [get_files c:/Users/NTHUCS/Desktop/Good_Game/Good_Game/Good_Game.srcs/sources_1/ip/blk_mem_gen_15/blk_mem_gen_15.xci] -no_script -sync -force -quiet
export_simulation -of_objects [get_files c:/Users/NTHUCS/Desktop/Good_Game/Good_Game/Good_Game.srcs/sources_1/ip/blk_mem_gen_15/blk_mem_gen_15.xci] -directory C:/Users/NTHUCS/Desktop/Good_Game/Good_Game/Good_Game.ip_user_files/sim_scripts -ip_user_files_dir C:/Users/NTHUCS/Desktop/Good_Game/Good_Game/Good_Game.ip_user_files -ipstatic_source_dir C:/Users/NTHUCS/Desktop/Good_Game/Good_Game/Good_Game.ip_user_files/ipstatic -lib_map_path [list {modelsim=C:/Users/NTHUCS/Desktop/Good_Game/Good_Game/Good_Game.cache/compile_simlib/modelsim} {questa=C:/Users/NTHUCS/Desktop/Good_Game/Good_Game/Good_Game.cache/compile_simlib/questa} {riviera=C:/Users/NTHUCS/Desktop/Good_Game/Good_Game/Good_Game.cache/compile_simlib/riviera} {activehdl=C:/Users/NTHUCS/Desktop/Good_Game/Good_Game/Good_Game.cache/compile_simlib/activehdl}] -use_ip_compiled_libs -force -quiet
update_compile_order -fileset sources_1
update_compile_order -fileset sources_1
