#-----------------------------------------------------------
# Vivado v2017.2 (64-bit)
# SW Build 1909853 on Thu Jun 15 18:39:09 MDT 2017
# IP Build 1909766 on Thu Jun 15 19:58:00 MDT 2017
# Start of session at: Tue Jan  9 15:47:00 2018
# Process ID: 4496
# Current directory: C:/Users/user/Desktop/Good_Game/Good_Game
# Command line: vivado.exe -gui_launcher_event rodinguilauncherevent3252 C:\Users\user\Desktop\Good_Game\Good_Game\Good_Game.xpr
# Log file: C:/Users/user/Desktop/Good_Game/Good_Game/vivado.log
# Journal file: C:/Users/user/Desktop/Good_Game/Good_Game\vivado.jou
#-----------------------------------------------------------
start_gui
open_project C:/Users/user/Desktop/Good_Game/Good_Game/Good_Game.xpr
Scanning sources...
Finished scanning sources
WARNING: [filemgmt 56-3] IP Repository Path: Could not find the directory 'C:/Users/user/Desktop/KeyboardSampleCode/ip'.
INFO: [IP_Flow 19-234] Refreshing IP repositories
WARNING: [IP_Flow 19-2248] Failed to load user IP repository 'c:/Users/user/Desktop/KeyboardSampleCode/ip'; Can't find the specified path.
If this directory should no longer be in your list of user repositories, go to the IP Settings dialog and remove it.
INFO: [IP_Flow 19-2313] Loaded Vivado IP repository 'C:/Xilinx/Vivado/2017.2/data/ip'.
WARNING: [IP_Flow 19-2162] IP 'KeyboardCtrl_0' is locked:
* IP definition 'KeyboardCtrl (1.0)' for IP 'KeyboardCtrl_0' (customized with software release 2017.2) was not found in the IP Catalog.
Please select 'Report IP Status' from the 'Tools/Report' menu or run Tcl command 'report_ip_status' for more information.
open_project: Time (s): cpu = 00:00:17 ; elapsed = 00:01:07 . Memory (MB): peak = 755.043 ; gain = 76.055
update_compile_order -fileset sources_1
INFO: [Device 21-403] Loading part xc7a35tcpg236-1
WARNING: [IP_Flow 19-4067] Ignoring invalid widget type specified checkbox.Providing a default widget
WARNING: [IP_Flow 19-4067] Ignoring invalid widget type specified checkbox.Providing a default widget
set_property -dict [list CONFIG.Write_Depth_A {3600} CONFIG.Coe_File {C:/Users/user/Desktop/Good_Game/Good_Game/new_Pictrans/0.coe}] [get_ips blk_mem_gen_0_origin]
INFO: [IP_Flow 19-3484] Absolute path of file 'c:/Users/user/Desktop/Good_Game/Good_Game/new_Pictrans/0.coe' provided. It will be converted relative to IP Instance files '../../../../new_Pictrans/0.coe'
generate_target all [get_files  C:/Users/user/Desktop/Good_Game/Good_Game/Good_Game.srcs/sources_1/ip/blk_mem_gen_0_origin/blk_mem_gen_0_origin.xci]
INFO: [IP_Flow 19-1686] Generating 'Instantiation Template' target for IP 'blk_mem_gen_0_origin'...
INFO: [IP_Flow 19-1686] Generating 'Synthesis' target for IP 'blk_mem_gen_0_origin'...
INFO: [IP_Flow 19-1686] Generating 'Simulation' target for IP 'blk_mem_gen_0_origin'...
INFO: [IP_Flow 19-1686] Generating 'Miscellaneous' target for IP 'blk_mem_gen_0_origin'...
INFO: [IP_Flow 19-1686] Generating 'Change Log' target for IP 'blk_mem_gen_0_origin'...
export_ip_user_files -of_objects [get_files C:/Users/user/Desktop/Good_Game/Good_Game/Good_Game.srcs/sources_1/ip/blk_mem_gen_0_origin/blk_mem_gen_0_origin.xci] -no_script -sync -force -quiet
export_simulation -of_objects [get_files C:/Users/user/Desktop/Good_Game/Good_Game/Good_Game.srcs/sources_1/ip/blk_mem_gen_0_origin/blk_mem_gen_0_origin.xci] -directory C:/Users/user/Desktop/Good_Game/Good_Game/Good_Game.ip_user_files/sim_scripts -ip_user_files_dir C:/Users/user/Desktop/Good_Game/Good_Game/Good_Game.ip_user_files -ipstatic_source_dir C:/Users/user/Desktop/Good_Game/Good_Game/Good_Game.ip_user_files/ipstatic -lib_map_path [list {modelsim=C:/Users/user/Desktop/Good_Game/Good_Game/Good_Game.cache/compile_simlib/modelsim} {questa=C:/Users/user/Desktop/Good_Game/Good_Game/Good_Game.cache/compile_simlib/questa} {riviera=C:/Users/user/Desktop/Good_Game/Good_Game/Good_Game.cache/compile_simlib/riviera} {activehdl=C:/Users/user/Desktop/Good_Game/Good_Game/Good_Game.cache/compile_simlib/activehdl}] -use_ip_compiled_libs -force -quiet
WARNING: [IP_Flow 19-4067] Ignoring invalid widget type specified checkbox.Providing a default widget
WARNING: [IP_Flow 19-4067] Ignoring invalid widget type specified checkbox.Providing a default widget
set_property -dict [list CONFIG.Write_Depth_A {3600} CONFIG.Coe_File {C:/Users/user/Desktop/Good_Game/Good_Game/Pictrans/blank.coe}] [get_ips blk_mem_gen_0_blank]
INFO: [IP_Flow 19-3484] Absolute path of file 'c:/Users/user/Desktop/Good_Game/Good_Game/Pictrans/blank.coe' provided. It will be converted relative to IP Instance files '../../../../Pictrans/blank.coe'
generate_target all [get_files  C:/Users/user/Desktop/Good_Game/Good_Game/Good_Game.srcs/sources_1/ip/blk_mem_gen_0_blank/blk_mem_gen_0_blank.xci]
INFO: [IP_Flow 19-1686] Generating 'Instantiation Template' target for IP 'blk_mem_gen_0_blank'...
INFO: [IP_Flow 19-1686] Generating 'Synthesis' target for IP 'blk_mem_gen_0_blank'...
INFO: [IP_Flow 19-1686] Generating 'Simulation' target for IP 'blk_mem_gen_0_blank'...
INFO: [IP_Flow 19-1686] Generating 'Miscellaneous' target for IP 'blk_mem_gen_0_blank'...
INFO: [IP_Flow 19-1686] Generating 'Change Log' target for IP 'blk_mem_gen_0_blank'...
export_ip_user_files -of_objects [get_files C:/Users/user/Desktop/Good_Game/Good_Game/Good_Game.srcs/sources_1/ip/blk_mem_gen_0_blank/blk_mem_gen_0_blank.xci] -no_script -sync -force -quiet
export_simulation -of_objects [get_files C:/Users/user/Desktop/Good_Game/Good_Game/Good_Game.srcs/sources_1/ip/blk_mem_gen_0_blank/blk_mem_gen_0_blank.xci] -directory C:/Users/user/Desktop/Good_Game/Good_Game/Good_Game.ip_user_files/sim_scripts -ip_user_files_dir C:/Users/user/Desktop/Good_Game/Good_Game/Good_Game.ip_user_files -ipstatic_source_dir C:/Users/user/Desktop/Good_Game/Good_Game/Good_Game.ip_user_files/ipstatic -lib_map_path [list {modelsim=C:/Users/user/Desktop/Good_Game/Good_Game/Good_Game.cache/compile_simlib/modelsim} {questa=C:/Users/user/Desktop/Good_Game/Good_Game/Good_Game.cache/compile_simlib/questa} {riviera=C:/Users/user/Desktop/Good_Game/Good_Game/Good_Game.cache/compile_simlib/riviera} {activehdl=C:/Users/user/Desktop/Good_Game/Good_Game/Good_Game.cache/compile_simlib/activehdl}] -use_ip_compiled_libs -force -quiet
WARNING: [IP_Flow 19-4067] Ignoring invalid widget type specified checkbox.Providing a default widget
WARNING: [IP_Flow 19-4067] Ignoring invalid widget type specified checkbox.Providing a default widget
set_property -dict [list CONFIG.Write_Depth_A {3600} CONFIG.Coe_File {C:/Users/user/Desktop/Good_Game/Good_Game/new_Pictrans/1.coe}] [get_ips blk_mem_gen_1]
INFO: [IP_Flow 19-3484] Absolute path of file 'c:/Users/user/Desktop/Good_Game/Good_Game/new_Pictrans/1.coe' provided. It will be converted relative to IP Instance files '../../../../new_Pictrans/1.coe'
generate_target all [get_files  C:/Users/user/Desktop/Good_Game/Good_Game/Good_Game.srcs/sources_1/ip/blk_mem_gen_1/blk_mem_gen_1.xci]
INFO: [IP_Flow 19-1686] Generating 'Instantiation Template' target for IP 'blk_mem_gen_1'...
INFO: [IP_Flow 19-1686] Generating 'Synthesis' target for IP 'blk_mem_gen_1'...
INFO: [IP_Flow 19-1686] Generating 'Simulation' target for IP 'blk_mem_gen_1'...
INFO: [IP_Flow 19-1686] Generating 'Miscellaneous' target for IP 'blk_mem_gen_1'...
INFO: [IP_Flow 19-1686] Generating 'Change Log' target for IP 'blk_mem_gen_1'...
export_ip_user_files -of_objects [get_files C:/Users/user/Desktop/Good_Game/Good_Game/Good_Game.srcs/sources_1/ip/blk_mem_gen_1/blk_mem_gen_1.xci] -no_script -sync -force -quiet
export_simulation -of_objects [get_files C:/Users/user/Desktop/Good_Game/Good_Game/Good_Game.srcs/sources_1/ip/blk_mem_gen_1/blk_mem_gen_1.xci] -directory C:/Users/user/Desktop/Good_Game/Good_Game/Good_Game.ip_user_files/sim_scripts -ip_user_files_dir C:/Users/user/Desktop/Good_Game/Good_Game/Good_Game.ip_user_files -ipstatic_source_dir C:/Users/user/Desktop/Good_Game/Good_Game/Good_Game.ip_user_files/ipstatic -lib_map_path [list {modelsim=C:/Users/user/Desktop/Good_Game/Good_Game/Good_Game.cache/compile_simlib/modelsim} {questa=C:/Users/user/Desktop/Good_Game/Good_Game/Good_Game.cache/compile_simlib/questa} {riviera=C:/Users/user/Desktop/Good_Game/Good_Game/Good_Game.cache/compile_simlib/riviera} {activehdl=C:/Users/user/Desktop/Good_Game/Good_Game/Good_Game.cache/compile_simlib/activehdl}] -use_ip_compiled_libs -force -quiet
WARNING: [IP_Flow 19-4067] Ignoring invalid widget type specified checkbox.Providing a default widget
WARNING: [IP_Flow 19-4067] Ignoring invalid widget type specified checkbox.Providing a default widget
set_property -dict [list CONFIG.Write_Depth_A {3600} CONFIG.Coe_File {C:/Users/user/Desktop/Good_Game/Good_Game/Pictrans/2.coe}] [get_ips blk_mem_gen_2]
INFO: [IP_Flow 19-3484] Absolute path of file 'c:/Users/user/Desktop/Good_Game/Good_Game/Pictrans/2.coe' provided. It will be converted relative to IP Instance files '../../../../Pictrans/2.coe'
generate_target all [get_files  C:/Users/user/Desktop/Good_Game/Good_Game/Good_Game.srcs/sources_1/ip/blk_mem_gen_2/blk_mem_gen_2.xci]
INFO: [IP_Flow 19-1686] Generating 'Instantiation Template' target for IP 'blk_mem_gen_2'...
INFO: [IP_Flow 19-1686] Generating 'Synthesis' target for IP 'blk_mem_gen_2'...
INFO: [IP_Flow 19-1686] Generating 'Simulation' target for IP 'blk_mem_gen_2'...
INFO: [IP_Flow 19-1686] Generating 'Miscellaneous' target for IP 'blk_mem_gen_2'...
INFO: [IP_Flow 19-1686] Generating 'Change Log' target for IP 'blk_mem_gen_2'...
export_ip_user_files -of_objects [get_files C:/Users/user/Desktop/Good_Game/Good_Game/Good_Game.srcs/sources_1/ip/blk_mem_gen_2/blk_mem_gen_2.xci] -no_script -sync -force -quiet
export_simulation -of_objects [get_files C:/Users/user/Desktop/Good_Game/Good_Game/Good_Game.srcs/sources_1/ip/blk_mem_gen_2/blk_mem_gen_2.xci] -directory C:/Users/user/Desktop/Good_Game/Good_Game/Good_Game.ip_user_files/sim_scripts -ip_user_files_dir C:/Users/user/Desktop/Good_Game/Good_Game/Good_Game.ip_user_files -ipstatic_source_dir C:/Users/user/Desktop/Good_Game/Good_Game/Good_Game.ip_user_files/ipstatic -lib_map_path [list {modelsim=C:/Users/user/Desktop/Good_Game/Good_Game/Good_Game.cache/compile_simlib/modelsim} {questa=C:/Users/user/Desktop/Good_Game/Good_Game/Good_Game.cache/compile_simlib/questa} {riviera=C:/Users/user/Desktop/Good_Game/Good_Game/Good_Game.cache/compile_simlib/riviera} {activehdl=C:/Users/user/Desktop/Good_Game/Good_Game/Good_Game.cache/compile_simlib/activehdl}] -use_ip_compiled_libs -force -quiet
WARNING: [IP_Flow 19-4067] Ignoring invalid widget type specified checkbox.Providing a default widget
WARNING: [IP_Flow 19-4067] Ignoring invalid widget type specified checkbox.Providing a default widget
set_property -dict [list CONFIG.Write_Depth_A {3600} CONFIG.Coe_File {C:/Users/user/Desktop/Good_Game/Good_Game/new_Pictrans/3.coe}] [get_ips blk_mem_gen_3]
INFO: [IP_Flow 19-3484] Absolute path of file 'c:/Users/user/Desktop/Good_Game/Good_Game/new_Pictrans/3.coe' provided. It will be converted relative to IP Instance files '../../../../new_Pictrans/3.coe'
generate_target all [get_files  C:/Users/user/Desktop/Good_Game/Good_Game/Good_Game.srcs/sources_1/ip/blk_mem_gen_3/blk_mem_gen_3.xci]
INFO: [IP_Flow 19-1686] Generating 'Instantiation Template' target for IP 'blk_mem_gen_3'...
INFO: [IP_Flow 19-1686] Generating 'Synthesis' target for IP 'blk_mem_gen_3'...
INFO: [IP_Flow 19-1686] Generating 'Simulation' target for IP 'blk_mem_gen_3'...
INFO: [IP_Flow 19-1686] Generating 'Miscellaneous' target for IP 'blk_mem_gen_3'...
INFO: [IP_Flow 19-1686] Generating 'Change Log' target for IP 'blk_mem_gen_3'...
export_ip_user_files -of_objects [get_files C:/Users/user/Desktop/Good_Game/Good_Game/Good_Game.srcs/sources_1/ip/blk_mem_gen_3/blk_mem_gen_3.xci] -no_script -sync -force -quiet
export_simulation -of_objects [get_files C:/Users/user/Desktop/Good_Game/Good_Game/Good_Game.srcs/sources_1/ip/blk_mem_gen_3/blk_mem_gen_3.xci] -directory C:/Users/user/Desktop/Good_Game/Good_Game/Good_Game.ip_user_files/sim_scripts -ip_user_files_dir C:/Users/user/Desktop/Good_Game/Good_Game/Good_Game.ip_user_files -ipstatic_source_dir C:/Users/user/Desktop/Good_Game/Good_Game/Good_Game.ip_user_files/ipstatic -lib_map_path [list {modelsim=C:/Users/user/Desktop/Good_Game/Good_Game/Good_Game.cache/compile_simlib/modelsim} {questa=C:/Users/user/Desktop/Good_Game/Good_Game/Good_Game.cache/compile_simlib/questa} {riviera=C:/Users/user/Desktop/Good_Game/Good_Game/Good_Game.cache/compile_simlib/riviera} {activehdl=C:/Users/user/Desktop/Good_Game/Good_Game/Good_Game.cache/compile_simlib/activehdl}] -use_ip_compiled_libs -force -quiet
WARNING: [IP_Flow 19-4067] Ignoring invalid widget type specified checkbox.Providing a default widget
WARNING: [IP_Flow 19-4067] Ignoring invalid widget type specified checkbox.Providing a default widget
set_property -dict [list CONFIG.Write_Depth_A {3600} CONFIG.Coe_File {C:/Users/user/Desktop/Good_Game/Good_Game/new_Pictrans/4.coe}] [get_ips blk_mem_gen_4]
INFO: [IP_Flow 19-3484] Absolute path of file 'c:/Users/user/Desktop/Good_Game/Good_Game/new_Pictrans/4.coe' provided. It will be converted relative to IP Instance files '../../../../new_Pictrans/4.coe'
generate_target all [get_files  C:/Users/user/Desktop/Good_Game/Good_Game/Good_Game.srcs/sources_1/ip/blk_mem_gen_4/blk_mem_gen_4.xci]
INFO: [IP_Flow 19-1686] Generating 'Instantiation Template' target for IP 'blk_mem_gen_4'...
INFO: [IP_Flow 19-1686] Generating 'Synthesis' target for IP 'blk_mem_gen_4'...
INFO: [IP_Flow 19-1686] Generating 'Simulation' target for IP 'blk_mem_gen_4'...
INFO: [IP_Flow 19-1686] Generating 'Miscellaneous' target for IP 'blk_mem_gen_4'...
INFO: [IP_Flow 19-1686] Generating 'Change Log' target for IP 'blk_mem_gen_4'...
export_ip_user_files -of_objects [get_files C:/Users/user/Desktop/Good_Game/Good_Game/Good_Game.srcs/sources_1/ip/blk_mem_gen_4/blk_mem_gen_4.xci] -no_script -sync -force -quiet
export_simulation -of_objects [get_files C:/Users/user/Desktop/Good_Game/Good_Game/Good_Game.srcs/sources_1/ip/blk_mem_gen_4/blk_mem_gen_4.xci] -directory C:/Users/user/Desktop/Good_Game/Good_Game/Good_Game.ip_user_files/sim_scripts -ip_user_files_dir C:/Users/user/Desktop/Good_Game/Good_Game/Good_Game.ip_user_files -ipstatic_source_dir C:/Users/user/Desktop/Good_Game/Good_Game/Good_Game.ip_user_files/ipstatic -lib_map_path [list {modelsim=C:/Users/user/Desktop/Good_Game/Good_Game/Good_Game.cache/compile_simlib/modelsim} {questa=C:/Users/user/Desktop/Good_Game/Good_Game/Good_Game.cache/compile_simlib/questa} {riviera=C:/Users/user/Desktop/Good_Game/Good_Game/Good_Game.cache/compile_simlib/riviera} {activehdl=C:/Users/user/Desktop/Good_Game/Good_Game/Good_Game.cache/compile_simlib/activehdl}] -use_ip_compiled_libs -force -quiet
WARNING: [IP_Flow 19-4067] Ignoring invalid widget type specified checkbox.Providing a default widget
WARNING: [IP_Flow 19-4067] Ignoring invalid widget type specified checkbox.Providing a default widget
set_property -dict [list CONFIG.Write_Depth_A {3600} CONFIG.Coe_File {C:/Users/user/Desktop/Good_Game/Good_Game/new_Pictrans/6.coe}] [get_ips blk_mem_gen_5]
INFO: [IP_Flow 19-3484] Absolute path of file 'c:/Users/user/Desktop/Good_Game/Good_Game/new_Pictrans/6.coe' provided. It will be converted relative to IP Instance files '../../../../new_Pictrans/6.coe'
generate_target all [get_files  C:/Users/user/Desktop/Good_Game/Good_Game/Good_Game.srcs/sources_1/ip/blk_mem_gen_5/blk_mem_gen_5.xci]
INFO: [IP_Flow 19-1686] Generating 'Instantiation Template' target for IP 'blk_mem_gen_5'...
INFO: [IP_Flow 19-1686] Generating 'Synthesis' target for IP 'blk_mem_gen_5'...
INFO: [IP_Flow 19-1686] Generating 'Simulation' target for IP 'blk_mem_gen_5'...
INFO: [IP_Flow 19-1686] Generating 'Miscellaneous' target for IP 'blk_mem_gen_5'...
INFO: [IP_Flow 19-1686] Generating 'Change Log' target for IP 'blk_mem_gen_5'...
export_ip_user_files -of_objects [get_files C:/Users/user/Desktop/Good_Game/Good_Game/Good_Game.srcs/sources_1/ip/blk_mem_gen_5/blk_mem_gen_5.xci] -no_script -sync -force -quiet
export_simulation -of_objects [get_files C:/Users/user/Desktop/Good_Game/Good_Game/Good_Game.srcs/sources_1/ip/blk_mem_gen_5/blk_mem_gen_5.xci] -directory C:/Users/user/Desktop/Good_Game/Good_Game/Good_Game.ip_user_files/sim_scripts -ip_user_files_dir C:/Users/user/Desktop/Good_Game/Good_Game/Good_Game.ip_user_files -ipstatic_source_dir C:/Users/user/Desktop/Good_Game/Good_Game/Good_Game.ip_user_files/ipstatic -lib_map_path [list {modelsim=C:/Users/user/Desktop/Good_Game/Good_Game/Good_Game.cache/compile_simlib/modelsim} {questa=C:/Users/user/Desktop/Good_Game/Good_Game/Good_Game.cache/compile_simlib/questa} {riviera=C:/Users/user/Desktop/Good_Game/Good_Game/Good_Game.cache/compile_simlib/riviera} {activehdl=C:/Users/user/Desktop/Good_Game/Good_Game/Good_Game.cache/compile_simlib/activehdl}] -use_ip_compiled_libs -force -quiet
WARNING: [IP_Flow 19-4067] Ignoring invalid widget type specified checkbox.Providing a default widget
WARNING: [IP_Flow 19-4067] Ignoring invalid widget type specified checkbox.Providing a default widget
set_property -dict [list CONFIG.Write_Depth_A {3600}] [get_ips blk_mem_gen_6]
WARNING: [IP_Flow 19-4067] Ignoring invalid widget type specified checkbox.Providing a default widget
WARNING: [IP_Flow 19-4067] Ignoring invalid widget type specified checkbox.Providing a default widget
set_property -dict [list CONFIG.Coe_File {C:/Users/user/Desktop/Good_Game/Good_Game/new_Pictrans/6.coe}] [get_ips blk_mem_gen_6]
INFO: [IP_Flow 19-3484] Absolute path of file 'c:/Users/user/Desktop/Good_Game/Good_Game/new_Pictrans/6.coe' provided. It will be converted relative to IP Instance files '../../../../new_Pictrans/6.coe'
generate_target all [get_files  C:/Users/user/Desktop/Good_Game/Good_Game/Good_Game.srcs/sources_1/ip/blk_mem_gen_6/blk_mem_gen_6.xci]
INFO: [IP_Flow 19-1686] Generating 'Instantiation Template' target for IP 'blk_mem_gen_6'...
INFO: [IP_Flow 19-1686] Generating 'Synthesis' target for IP 'blk_mem_gen_6'...
INFO: [IP_Flow 19-1686] Generating 'Simulation' target for IP 'blk_mem_gen_6'...
INFO: [IP_Flow 19-1686] Generating 'Miscellaneous' target for IP 'blk_mem_gen_6'...
INFO: [IP_Flow 19-1686] Generating 'Change Log' target for IP 'blk_mem_gen_6'...
export_ip_user_files -of_objects [get_files C:/Users/user/Desktop/Good_Game/Good_Game/Good_Game.srcs/sources_1/ip/blk_mem_gen_6/blk_mem_gen_6.xci] -no_script -sync -force -quiet
export_simulation -of_objects [get_files C:/Users/user/Desktop/Good_Game/Good_Game/Good_Game.srcs/sources_1/ip/blk_mem_gen_6/blk_mem_gen_6.xci] -directory C:/Users/user/Desktop/Good_Game/Good_Game/Good_Game.ip_user_files/sim_scripts -ip_user_files_dir C:/Users/user/Desktop/Good_Game/Good_Game/Good_Game.ip_user_files -ipstatic_source_dir C:/Users/user/Desktop/Good_Game/Good_Game/Good_Game.ip_user_files/ipstatic -lib_map_path [list {modelsim=C:/Users/user/Desktop/Good_Game/Good_Game/Good_Game.cache/compile_simlib/modelsim} {questa=C:/Users/user/Desktop/Good_Game/Good_Game/Good_Game.cache/compile_simlib/questa} {riviera=C:/Users/user/Desktop/Good_Game/Good_Game/Good_Game.cache/compile_simlib/riviera} {activehdl=C:/Users/user/Desktop/Good_Game/Good_Game/Good_Game.cache/compile_simlib/activehdl}] -use_ip_compiled_libs -force -quiet
WARNING: [IP_Flow 19-4067] Ignoring invalid widget type specified checkbox.Providing a default widget
WARNING: [IP_Flow 19-4067] Ignoring invalid widget type specified checkbox.Providing a default widget
set_property -dict [list CONFIG.Write_Depth_A {3600} CONFIG.Coe_File {C:/Users/user/Desktop/Good_Game/Good_Game/new_Pictrans/7.coe}] [get_ips blk_mem_gen_7]
INFO: [IP_Flow 19-3484] Absolute path of file 'c:/Users/user/Desktop/Good_Game/Good_Game/new_Pictrans/7.coe' provided. It will be converted relative to IP Instance files '../../../../new_Pictrans/7.coe'
generate_target all [get_files  C:/Users/user/Desktop/Good_Game/Good_Game/Good_Game.srcs/sources_1/ip/blk_mem_gen_7/blk_mem_gen_7.xci]
INFO: [IP_Flow 19-1686] Generating 'Instantiation Template' target for IP 'blk_mem_gen_7'...
INFO: [IP_Flow 19-1686] Generating 'Synthesis' target for IP 'blk_mem_gen_7'...
INFO: [IP_Flow 19-1686] Generating 'Simulation' target for IP 'blk_mem_gen_7'...
INFO: [IP_Flow 19-1686] Generating 'Miscellaneous' target for IP 'blk_mem_gen_7'...
INFO: [IP_Flow 19-1686] Generating 'Change Log' target for IP 'blk_mem_gen_7'...
export_ip_user_files -of_objects [get_files C:/Users/user/Desktop/Good_Game/Good_Game/Good_Game.srcs/sources_1/ip/blk_mem_gen_7/blk_mem_gen_7.xci] -no_script -sync -force -quiet
export_simulation -of_objects [get_files C:/Users/user/Desktop/Good_Game/Good_Game/Good_Game.srcs/sources_1/ip/blk_mem_gen_7/blk_mem_gen_7.xci] -directory C:/Users/user/Desktop/Good_Game/Good_Game/Good_Game.ip_user_files/sim_scripts -ip_user_files_dir C:/Users/user/Desktop/Good_Game/Good_Game/Good_Game.ip_user_files -ipstatic_source_dir C:/Users/user/Desktop/Good_Game/Good_Game/Good_Game.ip_user_files/ipstatic -lib_map_path [list {modelsim=C:/Users/user/Desktop/Good_Game/Good_Game/Good_Game.cache/compile_simlib/modelsim} {questa=C:/Users/user/Desktop/Good_Game/Good_Game/Good_Game.cache/compile_simlib/questa} {riviera=C:/Users/user/Desktop/Good_Game/Good_Game/Good_Game.cache/compile_simlib/riviera} {activehdl=C:/Users/user/Desktop/Good_Game/Good_Game/Good_Game.cache/compile_simlib/activehdl}] -use_ip_compiled_libs -force -quiet
WARNING: [IP_Flow 19-4067] Ignoring invalid widget type specified checkbox.Providing a default widget
WARNING: [IP_Flow 19-4067] Ignoring invalid widget type specified checkbox.Providing a default widget
set_property -dict [list CONFIG.Write_Depth_A {3600} CONFIG.Coe_File {C:/Users/user/Desktop/Good_Game/Good_Game/Pictrans/8.coe}] [get_ips blk_mem_gen_8]
INFO: [IP_Flow 19-3484] Absolute path of file 'c:/Users/user/Desktop/Good_Game/Good_Game/Pictrans/8.coe' provided. It will be converted relative to IP Instance files '../../../../Pictrans/8.coe'
generate_target all [get_files  C:/Users/user/Desktop/Good_Game/Good_Game/Good_Game.srcs/sources_1/ip/blk_mem_gen_8/blk_mem_gen_8.xci]
INFO: [IP_Flow 19-1686] Generating 'Instantiation Template' target for IP 'blk_mem_gen_8'...
INFO: [IP_Flow 19-1686] Generating 'Synthesis' target for IP 'blk_mem_gen_8'...
INFO: [IP_Flow 19-1686] Generating 'Simulation' target for IP 'blk_mem_gen_8'...
INFO: [IP_Flow 19-1686] Generating 'Miscellaneous' target for IP 'blk_mem_gen_8'...
INFO: [IP_Flow 19-1686] Generating 'Change Log' target for IP 'blk_mem_gen_8'...
export_ip_user_files -of_objects [get_files C:/Users/user/Desktop/Good_Game/Good_Game/Good_Game.srcs/sources_1/ip/blk_mem_gen_8/blk_mem_gen_8.xci] -no_script -sync -force -quiet
export_simulation -of_objects [get_files C:/Users/user/Desktop/Good_Game/Good_Game/Good_Game.srcs/sources_1/ip/blk_mem_gen_8/blk_mem_gen_8.xci] -directory C:/Users/user/Desktop/Good_Game/Good_Game/Good_Game.ip_user_files/sim_scripts -ip_user_files_dir C:/Users/user/Desktop/Good_Game/Good_Game/Good_Game.ip_user_files -ipstatic_source_dir C:/Users/user/Desktop/Good_Game/Good_Game/Good_Game.ip_user_files/ipstatic -lib_map_path [list {modelsim=C:/Users/user/Desktop/Good_Game/Good_Game/Good_Game.cache/compile_simlib/modelsim} {questa=C:/Users/user/Desktop/Good_Game/Good_Game/Good_Game.cache/compile_simlib/questa} {riviera=C:/Users/user/Desktop/Good_Game/Good_Game/Good_Game.cache/compile_simlib/riviera} {activehdl=C:/Users/user/Desktop/Good_Game/Good_Game/Good_Game.cache/compile_simlib/activehdl}] -use_ip_compiled_libs -force -quiet
WARNING: [IP_Flow 19-4067] Ignoring invalid widget type specified checkbox.Providing a default widget
WARNING: [IP_Flow 19-4067] Ignoring invalid widget type specified checkbox.Providing a default widget
set_property -dict [list CONFIG.Write_Depth_A {3600} CONFIG.Coe_File {C:/Users/user/Desktop/Good_Game/Good_Game/Pictrans/9.coe}] [get_ips blk_mem_gen_9]
INFO: [IP_Flow 19-3484] Absolute path of file 'c:/Users/user/Desktop/Good_Game/Good_Game/Pictrans/9.coe' provided. It will be converted relative to IP Instance files '../../../../Pictrans/9.coe'
generate_target all [get_files  C:/Users/user/Desktop/Good_Game/Good_Game/Good_Game.srcs/sources_1/ip/blk_mem_gen_9/blk_mem_gen_9.xci]
INFO: [IP_Flow 19-1686] Generating 'Instantiation Template' target for IP 'blk_mem_gen_9'...
INFO: [IP_Flow 19-1686] Generating 'Synthesis' target for IP 'blk_mem_gen_9'...
INFO: [IP_Flow 19-1686] Generating 'Simulation' target for IP 'blk_mem_gen_9'...
INFO: [IP_Flow 19-1686] Generating 'Miscellaneous' target for IP 'blk_mem_gen_9'...
INFO: [IP_Flow 19-1686] Generating 'Change Log' target for IP 'blk_mem_gen_9'...
export_ip_user_files -of_objects [get_files C:/Users/user/Desktop/Good_Game/Good_Game/Good_Game.srcs/sources_1/ip/blk_mem_gen_9/blk_mem_gen_9.xci] -no_script -sync -force -quiet
export_simulation -of_objects [get_files C:/Users/user/Desktop/Good_Game/Good_Game/Good_Game.srcs/sources_1/ip/blk_mem_gen_9/blk_mem_gen_9.xci] -directory C:/Users/user/Desktop/Good_Game/Good_Game/Good_Game.ip_user_files/sim_scripts -ip_user_files_dir C:/Users/user/Desktop/Good_Game/Good_Game/Good_Game.ip_user_files -ipstatic_source_dir C:/Users/user/Desktop/Good_Game/Good_Game/Good_Game.ip_user_files/ipstatic -lib_map_path [list {modelsim=C:/Users/user/Desktop/Good_Game/Good_Game/Good_Game.cache/compile_simlib/modelsim} {questa=C:/Users/user/Desktop/Good_Game/Good_Game/Good_Game.cache/compile_simlib/questa} {riviera=C:/Users/user/Desktop/Good_Game/Good_Game/Good_Game.cache/compile_simlib/riviera} {activehdl=C:/Users/user/Desktop/Good_Game/Good_Game/Good_Game.cache/compile_simlib/activehdl}] -use_ip_compiled_libs -force -quiet
WARNING: [IP_Flow 19-4067] Ignoring invalid widget type specified checkbox.Providing a default widget
WARNING: [IP_Flow 19-4067] Ignoring invalid widget type specified checkbox.Providing a default widget
set_property -dict [list CONFIG.Write_Depth_A {3600} CONFIG.Coe_File {C:/Users/user/Desktop/Good_Game/Good_Game/Pictrans/10.coe}] [get_ips blk_mem_gen_10]
INFO: [IP_Flow 19-3484] Absolute path of file 'c:/Users/user/Desktop/Good_Game/Good_Game/Pictrans/10.coe' provided. It will be converted relative to IP Instance files '../../../../Pictrans/10.coe'
generate_target all [get_files  C:/Users/user/Desktop/Good_Game/Good_Game/Good_Game.srcs/sources_1/ip/blk_mem_gen_10/blk_mem_gen_10.xci]
INFO: [IP_Flow 19-1686] Generating 'Instantiation Template' target for IP 'blk_mem_gen_10'...
INFO: [IP_Flow 19-1686] Generating 'Synthesis' target for IP 'blk_mem_gen_10'...
INFO: [IP_Flow 19-1686] Generating 'Simulation' target for IP 'blk_mem_gen_10'...
INFO: [IP_Flow 19-1686] Generating 'Miscellaneous' target for IP 'blk_mem_gen_10'...
INFO: [IP_Flow 19-1686] Generating 'Change Log' target for IP 'blk_mem_gen_10'...
export_ip_user_files -of_objects [get_files C:/Users/user/Desktop/Good_Game/Good_Game/Good_Game.srcs/sources_1/ip/blk_mem_gen_10/blk_mem_gen_10.xci] -no_script -sync -force -quiet
export_simulation -of_objects [get_files C:/Users/user/Desktop/Good_Game/Good_Game/Good_Game.srcs/sources_1/ip/blk_mem_gen_10/blk_mem_gen_10.xci] -directory C:/Users/user/Desktop/Good_Game/Good_Game/Good_Game.ip_user_files/sim_scripts -ip_user_files_dir C:/Users/user/Desktop/Good_Game/Good_Game/Good_Game.ip_user_files -ipstatic_source_dir C:/Users/user/Desktop/Good_Game/Good_Game/Good_Game.ip_user_files/ipstatic -lib_map_path [list {modelsim=C:/Users/user/Desktop/Good_Game/Good_Game/Good_Game.cache/compile_simlib/modelsim} {questa=C:/Users/user/Desktop/Good_Game/Good_Game/Good_Game.cache/compile_simlib/questa} {riviera=C:/Users/user/Desktop/Good_Game/Good_Game/Good_Game.cache/compile_simlib/riviera} {activehdl=C:/Users/user/Desktop/Good_Game/Good_Game/Good_Game.cache/compile_simlib/activehdl}] -use_ip_compiled_libs -force -quiet
WARNING: [IP_Flow 19-4067] Ignoring invalid widget type specified checkbox.Providing a default widget
WARNING: [IP_Flow 19-4067] Ignoring invalid widget type specified checkbox.Providing a default widget
set_property -dict [list CONFIG.Write_Depth_A {3600} CONFIG.Coe_File {C:/Users/user/Desktop/Good_Game/Good_Game/new_Pictrans/11.coe}] [get_ips blk_mem_gen_11]
INFO: [IP_Flow 19-3484] Absolute path of file 'c:/Users/user/Desktop/Good_Game/Good_Game/new_Pictrans/11.coe' provided. It will be converted relative to IP Instance files '../../../../new_Pictrans/11.coe'
generate_target all [get_files  C:/Users/user/Desktop/Good_Game/Good_Game/Good_Game.srcs/sources_1/ip/blk_mem_gen_11/blk_mem_gen_11.xci]
INFO: [IP_Flow 19-1686] Generating 'Instantiation Template' target for IP 'blk_mem_gen_11'...
INFO: [IP_Flow 19-1686] Generating 'Synthesis' target for IP 'blk_mem_gen_11'...
INFO: [IP_Flow 19-1686] Generating 'Simulation' target for IP 'blk_mem_gen_11'...
INFO: [IP_Flow 19-1686] Generating 'Miscellaneous' target for IP 'blk_mem_gen_11'...
INFO: [IP_Flow 19-1686] Generating 'Change Log' target for IP 'blk_mem_gen_11'...
export_ip_user_files -of_objects [get_files C:/Users/user/Desktop/Good_Game/Good_Game/Good_Game.srcs/sources_1/ip/blk_mem_gen_11/blk_mem_gen_11.xci] -no_script -sync -force -quiet
export_simulation -of_objects [get_files C:/Users/user/Desktop/Good_Game/Good_Game/Good_Game.srcs/sources_1/ip/blk_mem_gen_11/blk_mem_gen_11.xci] -directory C:/Users/user/Desktop/Good_Game/Good_Game/Good_Game.ip_user_files/sim_scripts -ip_user_files_dir C:/Users/user/Desktop/Good_Game/Good_Game/Good_Game.ip_user_files -ipstatic_source_dir C:/Users/user/Desktop/Good_Game/Good_Game/Good_Game.ip_user_files/ipstatic -lib_map_path [list {modelsim=C:/Users/user/Desktop/Good_Game/Good_Game/Good_Game.cache/compile_simlib/modelsim} {questa=C:/Users/user/Desktop/Good_Game/Good_Game/Good_Game.cache/compile_simlib/questa} {riviera=C:/Users/user/Desktop/Good_Game/Good_Game/Good_Game.cache/compile_simlib/riviera} {activehdl=C:/Users/user/Desktop/Good_Game/Good_Game/Good_Game.cache/compile_simlib/activehdl}] -use_ip_compiled_libs -force -quiet
WARNING: [IP_Flow 19-4067] Ignoring invalid widget type specified checkbox.Providing a default widget
WARNING: [IP_Flow 19-4067] Ignoring invalid widget type specified checkbox.Providing a default widget
set_property -dict [list CONFIG.Write_Depth_A {3600} CONFIG.Coe_File {C:/Users/user/Desktop/Good_Game/Good_Game/new_Pictrans/12.coe}] [get_ips blk_mem_gen_12]
INFO: [IP_Flow 19-3484] Absolute path of file 'c:/Users/user/Desktop/Good_Game/Good_Game/new_Pictrans/12.coe' provided. It will be converted relative to IP Instance files '../../../../new_Pictrans/12.coe'
generate_target all [get_files  C:/Users/user/Desktop/Good_Game/Good_Game/Good_Game.srcs/sources_1/ip/blk_mem_gen_12/blk_mem_gen_12.xci]
INFO: [IP_Flow 19-1686] Generating 'Instantiation Template' target for IP 'blk_mem_gen_12'...
INFO: [IP_Flow 19-1686] Generating 'Synthesis' target for IP 'blk_mem_gen_12'...
INFO: [IP_Flow 19-1686] Generating 'Simulation' target for IP 'blk_mem_gen_12'...
INFO: [IP_Flow 19-1686] Generating 'Miscellaneous' target for IP 'blk_mem_gen_12'...
INFO: [IP_Flow 19-1686] Generating 'Change Log' target for IP 'blk_mem_gen_12'...
export_ip_user_files -of_objects [get_files C:/Users/user/Desktop/Good_Game/Good_Game/Good_Game.srcs/sources_1/ip/blk_mem_gen_12/blk_mem_gen_12.xci] -no_script -sync -force -quiet
export_simulation -of_objects [get_files C:/Users/user/Desktop/Good_Game/Good_Game/Good_Game.srcs/sources_1/ip/blk_mem_gen_12/blk_mem_gen_12.xci] -directory C:/Users/user/Desktop/Good_Game/Good_Game/Good_Game.ip_user_files/sim_scripts -ip_user_files_dir C:/Users/user/Desktop/Good_Game/Good_Game/Good_Game.ip_user_files -ipstatic_source_dir C:/Users/user/Desktop/Good_Game/Good_Game/Good_Game.ip_user_files/ipstatic -lib_map_path [list {modelsim=C:/Users/user/Desktop/Good_Game/Good_Game/Good_Game.cache/compile_simlib/modelsim} {questa=C:/Users/user/Desktop/Good_Game/Good_Game/Good_Game.cache/compile_simlib/questa} {riviera=C:/Users/user/Desktop/Good_Game/Good_Game/Good_Game.cache/compile_simlib/riviera} {activehdl=C:/Users/user/Desktop/Good_Game/Good_Game/Good_Game.cache/compile_simlib/activehdl}] -use_ip_compiled_libs -force -quiet
WARNING: [IP_Flow 19-4067] Ignoring invalid widget type specified checkbox.Providing a default widget
WARNING: [IP_Flow 19-4067] Ignoring invalid widget type specified checkbox.Providing a default widget
set_property -dict [list CONFIG.Write_Depth_A {3600} CONFIG.Coe_File {C:/Users/user/Desktop/Good_Game/Good_Game/new_Pictrans/13.coe}] [get_ips blk_mem_gen_13]
INFO: [IP_Flow 19-3484] Absolute path of file 'c:/Users/user/Desktop/Good_Game/Good_Game/new_Pictrans/13.coe' provided. It will be converted relative to IP Instance files '../../../../new_Pictrans/13.coe'
generate_target all [get_files  C:/Users/user/Desktop/Good_Game/Good_Game/Good_Game.srcs/sources_1/ip/blk_mem_gen_13/blk_mem_gen_13.xci]
INFO: [IP_Flow 19-1686] Generating 'Instantiation Template' target for IP 'blk_mem_gen_13'...
INFO: [IP_Flow 19-1686] Generating 'Synthesis' target for IP 'blk_mem_gen_13'...
INFO: [IP_Flow 19-1686] Generating 'Simulation' target for IP 'blk_mem_gen_13'...
INFO: [IP_Flow 19-1686] Generating 'Miscellaneous' target for IP 'blk_mem_gen_13'...
INFO: [IP_Flow 19-1686] Generating 'Change Log' target for IP 'blk_mem_gen_13'...
export_ip_user_files -of_objects [get_files C:/Users/user/Desktop/Good_Game/Good_Game/Good_Game.srcs/sources_1/ip/blk_mem_gen_13/blk_mem_gen_13.xci] -no_script -sync -force -quiet
export_simulation -of_objects [get_files C:/Users/user/Desktop/Good_Game/Good_Game/Good_Game.srcs/sources_1/ip/blk_mem_gen_13/blk_mem_gen_13.xci] -directory C:/Users/user/Desktop/Good_Game/Good_Game/Good_Game.ip_user_files/sim_scripts -ip_user_files_dir C:/Users/user/Desktop/Good_Game/Good_Game/Good_Game.ip_user_files -ipstatic_source_dir C:/Users/user/Desktop/Good_Game/Good_Game/Good_Game.ip_user_files/ipstatic -lib_map_path [list {modelsim=C:/Users/user/Desktop/Good_Game/Good_Game/Good_Game.cache/compile_simlib/modelsim} {questa=C:/Users/user/Desktop/Good_Game/Good_Game/Good_Game.cache/compile_simlib/questa} {riviera=C:/Users/user/Desktop/Good_Game/Good_Game/Good_Game.cache/compile_simlib/riviera} {activehdl=C:/Users/user/Desktop/Good_Game/Good_Game/Good_Game.cache/compile_simlib/activehdl}] -use_ip_compiled_libs -force -quiet
WARNING: [IP_Flow 19-4067] Ignoring invalid widget type specified checkbox.Providing a default widget
WARNING: [IP_Flow 19-4067] Ignoring invalid widget type specified checkbox.Providing a default widget
set_property -dict [list CONFIG.Write_Depth_A {3600} CONFIG.Coe_File {C:/Users/user/Desktop/Good_Game/Good_Game/Pictrans/14.coe}] [get_ips blk_mem_gen_14]
INFO: [IP_Flow 19-3484] Absolute path of file 'c:/Users/user/Desktop/Good_Game/Good_Game/Pictrans/14.coe' provided. It will be converted relative to IP Instance files '../../../../Pictrans/14.coe'
generate_target all [get_files  C:/Users/user/Desktop/Good_Game/Good_Game/Good_Game.srcs/sources_1/ip/blk_mem_gen_14/blk_mem_gen_14.xci]
INFO: [IP_Flow 19-1686] Generating 'Instantiation Template' target for IP 'blk_mem_gen_14'...
INFO: [IP_Flow 19-1686] Generating 'Synthesis' target for IP 'blk_mem_gen_14'...
INFO: [IP_Flow 19-1686] Generating 'Simulation' target for IP 'blk_mem_gen_14'...
INFO: [IP_Flow 19-1686] Generating 'Miscellaneous' target for IP 'blk_mem_gen_14'...
INFO: [IP_Flow 19-1686] Generating 'Change Log' target for IP 'blk_mem_gen_14'...
export_ip_user_files -of_objects [get_files C:/Users/user/Desktop/Good_Game/Good_Game/Good_Game.srcs/sources_1/ip/blk_mem_gen_14/blk_mem_gen_14.xci] -no_script -sync -force -quiet
export_simulation -of_objects [get_files C:/Users/user/Desktop/Good_Game/Good_Game/Good_Game.srcs/sources_1/ip/blk_mem_gen_14/blk_mem_gen_14.xci] -directory C:/Users/user/Desktop/Good_Game/Good_Game/Good_Game.ip_user_files/sim_scripts -ip_user_files_dir C:/Users/user/Desktop/Good_Game/Good_Game/Good_Game.ip_user_files -ipstatic_source_dir C:/Users/user/Desktop/Good_Game/Good_Game/Good_Game.ip_user_files/ipstatic -lib_map_path [list {modelsim=C:/Users/user/Desktop/Good_Game/Good_Game/Good_Game.cache/compile_simlib/modelsim} {questa=C:/Users/user/Desktop/Good_Game/Good_Game/Good_Game.cache/compile_simlib/questa} {riviera=C:/Users/user/Desktop/Good_Game/Good_Game/Good_Game.cache/compile_simlib/riviera} {activehdl=C:/Users/user/Desktop/Good_Game/Good_Game/Good_Game.cache/compile_simlib/activehdl}] -use_ip_compiled_libs -force -quiet
WARNING: [IP_Flow 19-4067] Ignoring invalid widget type specified checkbox.Providing a default widget
WARNING: [IP_Flow 19-4067] Ignoring invalid widget type specified checkbox.Providing a default widget
set_property -dict [list CONFIG.Write_Depth_A {3600} CONFIG.Coe_File {C:/Users/user/Desktop/Good_Game/Good_Game/new_Pictrans/15.coe}] [get_ips blk_mem_gen_15]
INFO: [IP_Flow 19-3484] Absolute path of file 'c:/Users/user/Desktop/Good_Game/Good_Game/new_Pictrans/15.coe' provided. It will be converted relative to IP Instance files '../../../../new_Pictrans/15.coe'
generate_target all [get_files  C:/Users/user/Desktop/Good_Game/Good_Game/Good_Game.srcs/sources_1/ip/blk_mem_gen_15/blk_mem_gen_15.xci]
INFO: [IP_Flow 19-1686] Generating 'Instantiation Template' target for IP 'blk_mem_gen_15'...
INFO: [IP_Flow 19-1686] Generating 'Synthesis' target for IP 'blk_mem_gen_15'...
INFO: [IP_Flow 19-1686] Generating 'Simulation' target for IP 'blk_mem_gen_15'...
INFO: [IP_Flow 19-1686] Generating 'Miscellaneous' target for IP 'blk_mem_gen_15'...
INFO: [IP_Flow 19-1686] Generating 'Change Log' target for IP 'blk_mem_gen_15'...
export_ip_user_files -of_objects [get_files C:/Users/user/Desktop/Good_Game/Good_Game/Good_Game.srcs/sources_1/ip/blk_mem_gen_15/blk_mem_gen_15.xci] -no_script -sync -force -quiet
export_simulation -of_objects [get_files C:/Users/user/Desktop/Good_Game/Good_Game/Good_Game.srcs/sources_1/ip/blk_mem_gen_15/blk_mem_gen_15.xci] -directory C:/Users/user/Desktop/Good_Game/Good_Game/Good_Game.ip_user_files/sim_scripts -ip_user_files_dir C:/Users/user/Desktop/Good_Game/Good_Game/Good_Game.ip_user_files -ipstatic_source_dir C:/Users/user/Desktop/Good_Game/Good_Game/Good_Game.ip_user_files/ipstatic -lib_map_path [list {modelsim=C:/Users/user/Desktop/Good_Game/Good_Game/Good_Game.cache/compile_simlib/modelsim} {questa=C:/Users/user/Desktop/Good_Game/Good_Game/Good_Game.cache/compile_simlib/questa} {riviera=C:/Users/user/Desktop/Good_Game/Good_Game/Good_Game.cache/compile_simlib/riviera} {activehdl=C:/Users/user/Desktop/Good_Game/Good_Game/Good_Game.cache/compile_simlib/activehdl}] -use_ip_compiled_libs -force -quiet
WARNING: [IP_Flow 19-4067] Ignoring invalid widget type specified checkbox.Providing a default widget
WARNING: [IP_Flow 19-4067] Ignoring invalid widget type specified checkbox.Providing a default widget
WARNING: [IP_Flow 19-4067] Ignoring invalid widget type specified checkbox.Providing a default widget
WARNING: [IP_Flow 19-4067] Ignoring invalid widget type specified checkbox.Providing a default widget
WARNING: [IP_Flow 19-4067] Ignoring invalid widget type specified checkbox.Providing a default widget
WARNING: [IP_Flow 19-4067] Ignoring invalid widget type specified checkbox.Providing a default widget
WARNING: [IP_Flow 19-4067] Ignoring invalid widget type specified checkbox.Providing a default widget
WARNING: [IP_Flow 19-4067] Ignoring invalid widget type specified checkbox.Providing a default widget
set_property -dict [list CONFIG.Coe_File {C:/Users/user/Desktop/Good_Game/Good_Game/new_Pictrans/2.coe}] [get_ips blk_mem_gen_2]
INFO: [IP_Flow 19-3484] Absolute path of file 'c:/Users/user/Desktop/Good_Game/Good_Game/new_Pictrans/2.coe' provided. It will be converted relative to IP Instance files '../../../../new_Pictrans/2.coe'
generate_target all [get_files  C:/Users/user/Desktop/Good_Game/Good_Game/Good_Game.srcs/sources_1/ip/blk_mem_gen_2/blk_mem_gen_2.xci]
INFO: [IP_Flow 19-1686] Generating 'Instantiation Template' target for IP 'blk_mem_gen_2'...
INFO: [IP_Flow 19-1686] Generating 'Synthesis' target for IP 'blk_mem_gen_2'...
INFO: [IP_Flow 19-1686] Generating 'Simulation' target for IP 'blk_mem_gen_2'...
INFO: [IP_Flow 19-1686] Generating 'Miscellaneous' target for IP 'blk_mem_gen_2'...
INFO: [IP_Flow 19-1686] Generating 'Change Log' target for IP 'blk_mem_gen_2'...
export_ip_user_files -of_objects [get_files C:/Users/user/Desktop/Good_Game/Good_Game/Good_Game.srcs/sources_1/ip/blk_mem_gen_2/blk_mem_gen_2.xci] -no_script -sync -force -quiet
export_simulation -of_objects [get_files C:/Users/user/Desktop/Good_Game/Good_Game/Good_Game.srcs/sources_1/ip/blk_mem_gen_2/blk_mem_gen_2.xci] -directory C:/Users/user/Desktop/Good_Game/Good_Game/Good_Game.ip_user_files/sim_scripts -ip_user_files_dir C:/Users/user/Desktop/Good_Game/Good_Game/Good_Game.ip_user_files -ipstatic_source_dir C:/Users/user/Desktop/Good_Game/Good_Game/Good_Game.ip_user_files/ipstatic -lib_map_path [list {modelsim=C:/Users/user/Desktop/Good_Game/Good_Game/Good_Game.cache/compile_simlib/modelsim} {questa=C:/Users/user/Desktop/Good_Game/Good_Game/Good_Game.cache/compile_simlib/questa} {riviera=C:/Users/user/Desktop/Good_Game/Good_Game/Good_Game.cache/compile_simlib/riviera} {activehdl=C:/Users/user/Desktop/Good_Game/Good_Game/Good_Game.cache/compile_simlib/activehdl}] -use_ip_compiled_libs -force -quiet
WARNING: [IP_Flow 19-4067] Ignoring invalid widget type specified checkbox.Providing a default widget
WARNING: [IP_Flow 19-4067] Ignoring invalid widget type specified checkbox.Providing a default widget
WARNING: [IP_Flow 19-4067] Ignoring invalid widget type specified checkbox.Providing a default widget
WARNING: [IP_Flow 19-4067] Ignoring invalid widget type specified checkbox.Providing a default widget
WARNING: [IP_Flow 19-4067] Ignoring invalid widget type specified checkbox.Providing a default widget
WARNING: [IP_Flow 19-4067] Ignoring invalid widget type specified checkbox.Providing a default widget
WARNING: [IP_Flow 19-4067] Ignoring invalid widget type specified checkbox.Providing a default widget
WARNING: [IP_Flow 19-4067] Ignoring invalid widget type specified checkbox.Providing a default widget
WARNING: [IP_Flow 19-4067] Ignoring invalid widget type specified checkbox.Providing a default widget
WARNING: [IP_Flow 19-4067] Ignoring invalid widget type specified checkbox.Providing a default widget
WARNING: [IP_Flow 19-4067] Ignoring invalid widget type specified checkbox.Providing a default widget
WARNING: [IP_Flow 19-4067] Ignoring invalid widget type specified checkbox.Providing a default widget
WARNING: [IP_Flow 19-4067] Ignoring invalid widget type specified checkbox.Providing a default widget
WARNING: [IP_Flow 19-4067] Ignoring invalid widget type specified checkbox.Providing a default widget
set_property -dict [list CONFIG.Coe_File {C:/Users/user/Desktop/Good_Game/Good_Game/new_Pictrans/8.coe}] [get_ips blk_mem_gen_8]
INFO: [IP_Flow 19-3484] Absolute path of file 'c:/Users/user/Desktop/Good_Game/Good_Game/new_Pictrans/8.coe' provided. It will be converted relative to IP Instance files '../../../../new_Pictrans/8.coe'
generate_target all [get_files  C:/Users/user/Desktop/Good_Game/Good_Game/Good_Game.srcs/sources_1/ip/blk_mem_gen_8/blk_mem_gen_8.xci]
INFO: [IP_Flow 19-1686] Generating 'Instantiation Template' target for IP 'blk_mem_gen_8'...
INFO: [IP_Flow 19-1686] Generating 'Synthesis' target for IP 'blk_mem_gen_8'...
INFO: [IP_Flow 19-1686] Generating 'Simulation' target for IP 'blk_mem_gen_8'...
INFO: [IP_Flow 19-1686] Generating 'Miscellaneous' target for IP 'blk_mem_gen_8'...
INFO: [IP_Flow 19-1686] Generating 'Change Log' target for IP 'blk_mem_gen_8'...
export_ip_user_files -of_objects [get_files C:/Users/user/Desktop/Good_Game/Good_Game/Good_Game.srcs/sources_1/ip/blk_mem_gen_8/blk_mem_gen_8.xci] -no_script -sync -force -quiet
export_simulation -of_objects [get_files C:/Users/user/Desktop/Good_Game/Good_Game/Good_Game.srcs/sources_1/ip/blk_mem_gen_8/blk_mem_gen_8.xci] -directory C:/Users/user/Desktop/Good_Game/Good_Game/Good_Game.ip_user_files/sim_scripts -ip_user_files_dir C:/Users/user/Desktop/Good_Game/Good_Game/Good_Game.ip_user_files -ipstatic_source_dir C:/Users/user/Desktop/Good_Game/Good_Game/Good_Game.ip_user_files/ipstatic -lib_map_path [list {modelsim=C:/Users/user/Desktop/Good_Game/Good_Game/Good_Game.cache/compile_simlib/modelsim} {questa=C:/Users/user/Desktop/Good_Game/Good_Game/Good_Game.cache/compile_simlib/questa} {riviera=C:/Users/user/Desktop/Good_Game/Good_Game/Good_Game.cache/compile_simlib/riviera} {activehdl=C:/Users/user/Desktop/Good_Game/Good_Game/Good_Game.cache/compile_simlib/activehdl}] -use_ip_compiled_libs -force -quiet
WARNING: [IP_Flow 19-4067] Ignoring invalid widget type specified checkbox.Providing a default widget
WARNING: [IP_Flow 19-4067] Ignoring invalid widget type specified checkbox.Providing a default widget
set_property -dict [list CONFIG.Coe_File {C:/Users/user/Desktop/Good_Game/Good_Game/new_Pictrans/9.coe}] [get_ips blk_mem_gen_9]
INFO: [IP_Flow 19-3484] Absolute path of file 'c:/Users/user/Desktop/Good_Game/Good_Game/new_Pictrans/9.coe' provided. It will be converted relative to IP Instance files '../../../../new_Pictrans/9.coe'
generate_target all [get_files  C:/Users/user/Desktop/Good_Game/Good_Game/Good_Game.srcs/sources_1/ip/blk_mem_gen_9/blk_mem_gen_9.xci]
INFO: [IP_Flow 19-1686] Generating 'Instantiation Template' target for IP 'blk_mem_gen_9'...
INFO: [IP_Flow 19-1686] Generating 'Synthesis' target for IP 'blk_mem_gen_9'...
INFO: [IP_Flow 19-1686] Generating 'Simulation' target for IP 'blk_mem_gen_9'...
INFO: [IP_Flow 19-1686] Generating 'Miscellaneous' target for IP 'blk_mem_gen_9'...
INFO: [IP_Flow 19-1686] Generating 'Change Log' target for IP 'blk_mem_gen_9'...
export_ip_user_files -of_objects [get_files C:/Users/user/Desktop/Good_Game/Good_Game/Good_Game.srcs/sources_1/ip/blk_mem_gen_9/blk_mem_gen_9.xci] -no_script -sync -force -quiet
export_simulation -of_objects [get_files C:/Users/user/Desktop/Good_Game/Good_Game/Good_Game.srcs/sources_1/ip/blk_mem_gen_9/blk_mem_gen_9.xci] -directory C:/Users/user/Desktop/Good_Game/Good_Game/Good_Game.ip_user_files/sim_scripts -ip_user_files_dir C:/Users/user/Desktop/Good_Game/Good_Game/Good_Game.ip_user_files -ipstatic_source_dir C:/Users/user/Desktop/Good_Game/Good_Game/Good_Game.ip_user_files/ipstatic -lib_map_path [list {modelsim=C:/Users/user/Desktop/Good_Game/Good_Game/Good_Game.cache/compile_simlib/modelsim} {questa=C:/Users/user/Desktop/Good_Game/Good_Game/Good_Game.cache/compile_simlib/questa} {riviera=C:/Users/user/Desktop/Good_Game/Good_Game/Good_Game.cache/compile_simlib/riviera} {activehdl=C:/Users/user/Desktop/Good_Game/Good_Game/Good_Game.cache/compile_simlib/activehdl}] -use_ip_compiled_libs -force -quiet
WARNING: [IP_Flow 19-4067] Ignoring invalid widget type specified checkbox.Providing a default widget
WARNING: [IP_Flow 19-4067] Ignoring invalid widget type specified checkbox.Providing a default widget
WARNING: [IP_Flow 19-4067] Ignoring invalid widget type specified checkbox.Providing a default widget
WARNING: [IP_Flow 19-4067] Ignoring invalid widget type specified checkbox.Providing a default widget
set_property -dict [list CONFIG.Coe_File {C:/Users/user/Desktop/Good_Game/Good_Game/new_Pictrans/10.coe}] [get_ips blk_mem_gen_10]
INFO: [IP_Flow 19-3484] Absolute path of file 'c:/Users/user/Desktop/Good_Game/Good_Game/new_Pictrans/10.coe' provided. It will be converted relative to IP Instance files '../../../../new_Pictrans/10.coe'
generate_target all [get_files  C:/Users/user/Desktop/Good_Game/Good_Game/Good_Game.srcs/sources_1/ip/blk_mem_gen_10/blk_mem_gen_10.xci]
INFO: [IP_Flow 19-1686] Generating 'Instantiation Template' target for IP 'blk_mem_gen_10'...
INFO: [IP_Flow 19-1686] Generating 'Synthesis' target for IP 'blk_mem_gen_10'...
INFO: [IP_Flow 19-1686] Generating 'Simulation' target for IP 'blk_mem_gen_10'...
INFO: [IP_Flow 19-1686] Generating 'Miscellaneous' target for IP 'blk_mem_gen_10'...
INFO: [IP_Flow 19-1686] Generating 'Change Log' target for IP 'blk_mem_gen_10'...
export_ip_user_files -of_objects [get_files C:/Users/user/Desktop/Good_Game/Good_Game/Good_Game.srcs/sources_1/ip/blk_mem_gen_10/blk_mem_gen_10.xci] -no_script -sync -force -quiet
export_simulation -of_objects [get_files C:/Users/user/Desktop/Good_Game/Good_Game/Good_Game.srcs/sources_1/ip/blk_mem_gen_10/blk_mem_gen_10.xci] -directory C:/Users/user/Desktop/Good_Game/Good_Game/Good_Game.ip_user_files/sim_scripts -ip_user_files_dir C:/Users/user/Desktop/Good_Game/Good_Game/Good_Game.ip_user_files -ipstatic_source_dir C:/Users/user/Desktop/Good_Game/Good_Game/Good_Game.ip_user_files/ipstatic -lib_map_path [list {modelsim=C:/Users/user/Desktop/Good_Game/Good_Game/Good_Game.cache/compile_simlib/modelsim} {questa=C:/Users/user/Desktop/Good_Game/Good_Game/Good_Game.cache/compile_simlib/questa} {riviera=C:/Users/user/Desktop/Good_Game/Good_Game/Good_Game.cache/compile_simlib/riviera} {activehdl=C:/Users/user/Desktop/Good_Game/Good_Game/Good_Game.cache/compile_simlib/activehdl}] -use_ip_compiled_libs -force -quiet
WARNING: [IP_Flow 19-4067] Ignoring invalid widget type specified checkbox.Providing a default widget
WARNING: [IP_Flow 19-4067] Ignoring invalid widget type specified checkbox.Providing a default widget
WARNING: [IP_Flow 19-4067] Ignoring invalid widget type specified checkbox.Providing a default widget
WARNING: [IP_Flow 19-4067] Ignoring invalid widget type specified checkbox.Providing a default widget
WARNING: [IP_Flow 19-4067] Ignoring invalid widget type specified checkbox.Providing a default widget
WARNING: [IP_Flow 19-4067] Ignoring invalid widget type specified checkbox.Providing a default widget
WARNING: [IP_Flow 19-4067] Ignoring invalid widget type specified checkbox.Providing a default widget
WARNING: [IP_Flow 19-4067] Ignoring invalid widget type specified checkbox.Providing a default widget
WARNING: [IP_Flow 19-4067] Ignoring invalid widget type specified checkbox.Providing a default widget
WARNING: [IP_Flow 19-4067] Ignoring invalid widget type specified checkbox.Providing a default widget
WARNING: [IP_Flow 19-4067] Ignoring invalid widget type specified checkbox.Providing a default widget
WARNING: [IP_Flow 19-4067] Ignoring invalid widget type specified checkbox.Providing a default widget
WARNING: [IP_Flow 19-4067] Ignoring invalid widget type specified checkbox.Providing a default widget
WARNING: [IP_Flow 19-4067] Ignoring invalid widget type specified checkbox.Providing a default widget
set_property -dict [list CONFIG.Coe_File {C:/Users/user/Desktop/Good_Game/Good_Game/new_Pictrans/14.coe}] [get_ips blk_mem_gen_14]
INFO: [IP_Flow 19-3484] Absolute path of file 'c:/Users/user/Desktop/Good_Game/Good_Game/new_Pictrans/14.coe' provided. It will be converted relative to IP Instance files '../../../../new_Pictrans/14.coe'
generate_target all [get_files  C:/Users/user/Desktop/Good_Game/Good_Game/Good_Game.srcs/sources_1/ip/blk_mem_gen_14/blk_mem_gen_14.xci]
INFO: [IP_Flow 19-1686] Generating 'Instantiation Template' target for IP 'blk_mem_gen_14'...
INFO: [IP_Flow 19-1686] Generating 'Synthesis' target for IP 'blk_mem_gen_14'...
INFO: [IP_Flow 19-1686] Generating 'Simulation' target for IP 'blk_mem_gen_14'...
INFO: [IP_Flow 19-1686] Generating 'Miscellaneous' target for IP 'blk_mem_gen_14'...
INFO: [IP_Flow 19-1686] Generating 'Change Log' target for IP 'blk_mem_gen_14'...
export_ip_user_files -of_objects [get_files C:/Users/user/Desktop/Good_Game/Good_Game/Good_Game.srcs/sources_1/ip/blk_mem_gen_14/blk_mem_gen_14.xci] -no_script -sync -force -quiet
export_simulation -of_objects [get_files C:/Users/user/Desktop/Good_Game/Good_Game/Good_Game.srcs/sources_1/ip/blk_mem_gen_14/blk_mem_gen_14.xci] -directory C:/Users/user/Desktop/Good_Game/Good_Game/Good_Game.ip_user_files/sim_scripts -ip_user_files_dir C:/Users/user/Desktop/Good_Game/Good_Game/Good_Game.ip_user_files -ipstatic_source_dir C:/Users/user/Desktop/Good_Game/Good_Game/Good_Game.ip_user_files/ipstatic -lib_map_path [list {modelsim=C:/Users/user/Desktop/Good_Game/Good_Game/Good_Game.cache/compile_simlib/modelsim} {questa=C:/Users/user/Desktop/Good_Game/Good_Game/Good_Game.cache/compile_simlib/questa} {riviera=C:/Users/user/Desktop/Good_Game/Good_Game/Good_Game.cache/compile_simlib/riviera} {activehdl=C:/Users/user/Desktop/Good_Game/Good_Game/Good_Game.cache/compile_simlib/activehdl}] -use_ip_compiled_libs -force -quiet
WARNING: [IP_Flow 19-4067] Ignoring invalid widget type specified checkbox.Providing a default widget
WARNING: [IP_Flow 19-4067] Ignoring invalid widget type specified checkbox.Providing a default widget
WARNING: [IP_Flow 19-4067] Ignoring invalid widget type specified checkbox.Providing a default widget
WARNING: [IP_Flow 19-4067] Ignoring invalid widget type specified checkbox.Providing a default widget
WARNING: [IP_Flow 19-4067] Ignoring invalid widget type specified checkbox.Providing a default widget
WARNING: [IP_Flow 19-4067] Ignoring invalid widget type specified checkbox.Providing a default widget
reset_run synth_1
reset_run KeyboardCtrl_0_synth_1
launch_runs impl_1 -to_step write_bitstream -jobs 8
WARNING: [Project 1-576] IP 'C:/Users/user/Desktop/Good_Game/Good_Game/Good_Game.srcs/sources_1/ip/KeyboardCtrl_0/KeyboardCtrl_0.xci' in run KeyboardCtrl_0_synth_1 is locked, no out-of-context (OOC) run will be launched. The run may not be able to complete.
Please select 'Report IP Status' from 'Tools/Report' or run the Tcl command 'report_ip_status' for more information.
[Tue Jan  9 16:25:17 2018] Launched KeyboardCtrl_0_synth_1, synth_1...
Run output will be captured here:
KeyboardCtrl_0_synth_1: C:/Users/user/Desktop/Good_Game/Good_Game/Good_Game.runs/KeyboardCtrl_0_synth_1/runme.log
synth_1: C:/Users/user/Desktop/Good_Game/Good_Game/Good_Game.runs/synth_1/runme.log
[Tue Jan  9 16:25:17 2018] Launched impl_1...
Run output will be captured here: C:/Users/user/Desktop/Good_Game/Good_Game/Good_Game.runs/impl_1/runme.log
open_hw
INFO: [Labtools 27-2285] Connecting to hw_server url TCP:localhost:3121
INFO: [Labtools 27-2222] Launching hw_server...
INFO: [Labtools 27-2221] Launch Output:

****** Xilinx hw_server v2017.2
  **** Build date : Jun 15 2017-18:53:26
    ** Copyright 1986-2017 Xilinx, Inc. All Rights Reserved.


connect_hw_server: Time (s): cpu = 00:00:01 ; elapsed = 00:00:06 . Memory (MB): peak = 1277.539 ; gain = 0.000
INFO: [Labtools 27-2285] Connecting to hw_server url TCP:localhost:3121
connect_hw_server -url localhost:3121
INFO: [Labtools 27-2285] Connecting to hw_server url TCP:localhost:3121
current_hw_target [get_hw_targets */xilinx_tcf/Digilent/210183712683A]
set_property PARAM.FREQUENCY 15000000 [get_hw_targets */xilinx_tcf/Digilent/210183712683A]
open_hw_target
INFO: [Labtoolstcl 44-466] Opening hw_target localhost:3121/xilinx_tcf/Digilent/210183712683A
set_property PROGRAM.FILE {C:/Users/user/Desktop/Good_Game/Good_Game/Good_Game.runs/impl_1/top.bit} [get_hw_devices xc7a35t_0]
current_hw_device [get_hw_devices xc7a35t_0]
refresh_hw_device -update_hw_probes false [lindex [get_hw_devices xc7a35t_0] 0]
INFO: [Labtools 27-1435] Device xc7a35t (JTAG device index = 0) is not programmed (DONE status = 0).
set_property PROBES.FILE {} [get_hw_devices xc7a35t_0]
set_property FULL_PROBES.FILE {} [get_hw_devices xc7a35t_0]
set_property PROGRAM.FILE {C:/Users/user/Desktop/Good_Game/Good_Game/Good_Game.runs/impl_1/top.bit} [get_hw_devices xc7a35t_0]
program_hw_devices [get_hw_devices xc7a35t_0]
INFO: [Labtools 27-3164] End of startup status: HIGH
refresh_hw_device [lindex [get_hw_devices xc7a35t_0] 0]
INFO: [Labtools 27-1434] Device xc7a35t (JTAG device index = 0) is programmed with a design that has no supported debug core(s) in it.
WARNING: [Labtools 27-3361] The debug hub core was not detected.
Resolution: 
1. Make sure the clock connected to the debug hub (dbg_hub) core is a free running clock and is active.
2. Make sure the BSCAN_SWITCH_USER_MASK device property in Vivado Hardware Manager reflects the user scan chain setting in the design and refresh the device.  To determine the user scan chain setting in the design, open the implemented design and use 'get_property C_USER_SCAN_CHAIN [get_debug_cores dbg_hub]'.
For more details on setting the scan chain property, consult the Vivado Debug and Programming User Guide (UG908).
close_hw
WARNING: [IP_Flow 19-4067] Ignoring invalid widget type specified checkbox.Providing a default widget
WARNING: [IP_Flow 19-4067] Ignoring invalid widget type specified checkbox.Providing a default widget
