#-----------------------------------------------------------
# Vivado v2017.2 (64-bit)
# SW Build 1909853 on Thu Jun 15 18:39:09 MDT 2017
# IP Build 1909766 on Thu Jun 15 19:58:00 MDT 2017
# Start of session at: Tue Dec 19 16:14:59 2017
# Process ID: 5476
# Current directory: C:/Users/NTHUCS/Desktop/Good_Game/Good_Game
# Command line: vivado.exe -gui_launcher_event rodinguilauncherevent6108 C:\Users\NTHUCS\Desktop\Good_Game\Good_Game\Good_Game.xpr
# Log file: C:/Users/NTHUCS/Desktop/Good_Game/Good_Game/vivado.log
# Journal file: C:/Users/NTHUCS/Desktop/Good_Game/Good_Game\vivado.jou
#-----------------------------------------------------------
start_gui
open_project C:/Users/NTHUCS/Desktop/Good_Game/Good_Game/Good_Game.xpr
INFO: [Project 1-313] Project file moved from 'C:/Users/NTHUCS/Desktop/Good_Game' since last save.
Scanning sources...
Finished scanning sources
WARNING: [filemgmt 56-2] IPUserFilesDir: Could not find the directory 'C:/Users/NTHUCS/Desktop/Good_Game/Good_Game/Good_Game.ip_user_files', nor could it be found using path 'C:/Users/NTHUCS/Desktop/Good_Game/Good_Game.ip_user_files'.
INFO: [IP_Flow 19-234] Refreshing IP repositories
INFO: [IP_Flow 19-1704] No user IP repositories specified
INFO: [IP_Flow 19-2313] Loaded Vivado IP repository 'C:/Xilinx/Vivado/2017.2/data/ip'.
open_project: Time (s): cpu = 00:00:07 ; elapsed = 00:00:24 . Memory (MB): peak = 763.488 ; gain = 39.117
file mkdir C:/Users/NTHUCS/Desktop/Good_Game/Good_Game/Good_Game.srcs/sources_1/new
close [ open C:/Users/NTHUCS/Desktop/Good_Game/Good_Game/Good_Game.srcs/sources_1/new/top.v w ]
add_files C:/Users/NTHUCS/Desktop/Good_Game/Good_Game/Good_Game.srcs/sources_1/new/top.v
update_compile_order -fileset sources_1
add_files -norecurse {C:/Users/NTHUCS/Desktop/KeyboardSampleCode/SampleDisplay.v C:/Users/NTHUCS/Desktop/KeyboardSampleCode/OnePulse.v C:/Users/NTHUCS/Desktop/KeyboardSampleCode/KeyboardDecoder.v C:/Users/NTHUCS/Desktop/KeyboardSampleCode/SevenSegment.v}
update_compile_order -fileset sources_1
update_compile_order -fileset sources_1
remove_files  C:/Users/NTHUCS/Desktop/KeyboardSampleCode/SampleDisplay.v
update_compile_order -fileset sources_1
update_compile_order -fileset sources_1
set_property  ip_repo_paths  C:/Users/NTHUCS/Desktop/KeyboardSampleCode/ip [current_project]
update_ip_catalog
INFO: [IP_Flow 19-234] Refreshing IP repositories
INFO: [IP_Flow 19-1700] Loaded user IP repository 'c:/Users/NTHUCS/Desktop/KeyboardSampleCode/ip'.
create_ip -name KeyboardCtrl -vendor xilinx.com -library user -version 1.0 -module_name KeyboardCtrl_0 -dir c:/Users/NTHUCS/Desktop/Good_Game/Good_Game/Good_Game.srcs/sources_1/ip
generate_target {instantiation_template} [get_files c:/Users/NTHUCS/Desktop/Good_Game/Good_Game/Good_Game.srcs/sources_1/ip/KeyboardCtrl_0/KeyboardCtrl_0.xci]
INFO: [IP_Flow 19-1686] Generating 'Instantiation Template' target for IP 'KeyboardCtrl_0'...
generate_target all [get_files  c:/Users/NTHUCS/Desktop/Good_Game/Good_Game/Good_Game.srcs/sources_1/ip/KeyboardCtrl_0/KeyboardCtrl_0.xci]
INFO: [IP_Flow 19-1686] Generating 'Synthesis' target for IP 'KeyboardCtrl_0'...
INFO: [IP_Flow 19-1686] Generating 'Simulation' target for IP 'KeyboardCtrl_0'...
export_ip_user_files -of_objects [get_files c:/Users/NTHUCS/Desktop/Good_Game/Good_Game/Good_Game.srcs/sources_1/ip/KeyboardCtrl_0/KeyboardCtrl_0.xci] -no_script -sync -force -quiet
create_ip_run [get_files -of_objects [get_fileset sources_1] c:/Users/NTHUCS/Desktop/Good_Game/Good_Game/Good_Game.srcs/sources_1/ip/KeyboardCtrl_0/KeyboardCtrl_0.xci]
launch_runs -jobs 2 KeyboardCtrl_0_synth_1
[Tue Dec 19 16:29:43 2017] Launched KeyboardCtrl_0_synth_1...
Run output will be captured here: C:/Users/NTHUCS/Desktop/Good_Game/Good_Game/Good_Game.runs/KeyboardCtrl_0_synth_1/runme.log
